

*******************************************************************************
Wed May  2 15:51:45 2012


FIT:    data read from "corr_factor" u 1:2
        format = x:z
        #datapoints = 3
        residuals are weighted equally (unit weight)

function used for fitting: f(x)
fitted parameters initialized with current variable values



 Iteration 0
 WSSR        : 209.342           delta(WSSR)/WSSR   : 0
 delta(WSSR) : 0                 limit for stopping : 1e-05
 lambda	  : 6.78233

initial set of free parameter values

a               = 1
b               = 1e-30

After 4 iterations the fit converged.
final sum of squares of residuals : 1.1271
rel. change during last iteration : -2.75808e-15

degrees of freedom    (FIT_NDF)                        : 1
rms of residuals      (FIT_STDFIT) = sqrt(WSSR/ndf)    : 1.06165
variance of residuals (reduced chisquare) = WSSR/ndf   : 1.1271

BREAK:          Singular matrix in Invert_RtR



*******************************************************************************
Wed Sep 12 17:04:52 2012


FIT:    data read from "PairsNP.a2" u (($1)/($1-$2)/($2)):3
        format = x:z
        #datapoints = 12
        residuals are weighted equally (unit weight)

function used for fitting: f(x)
fitted parameters initialized with current variable values



 Iteration 0
 WSSR        : 26.0039           delta(WSSR)/WSSR   : 0
 delta(WSSR) : 0                 limit for stopping : 1e-05
 lambda	  : 0.584994

initial set of free parameter values

a               = 1
b               = 1

After 6 iterations the fit converged.
final sum of squares of residuals : 0.483695
rel. change during last iteration : -1.66605e-06

degrees of freedom    (FIT_NDF)                        : 10
rms of residuals      (FIT_STDFIT) = sqrt(WSSR/ndf)    : 0.219931
variance of residuals (reduced chisquare) = WSSR/ndf   : 0.0483695

Final set of parameters            Asymptotic Standard Error
=======================            ==========================

a               = 3.59675          +/- 0.1546       (4.299%)
b               = 3.49716          +/- 0.3917       (11.2%)


correlation matrix of the fit parameters:

               a      b      
a               1.000 
b               0.748  1.000 


*******************************************************************************
Wed Sep 12 17:05:25 2012


FIT:    data read from "PairsNP.a2" u (($1)/($1-$2)/($2)):3
        format = x:z
        #datapoints = 12
        residuals are weighted equally (unit weight)

function used for fitting: f(x)
fitted parameters initialized with current variable values



 Iteration 0
 WSSR        : 0.483695          delta(WSSR)/WSSR   : 0
 delta(WSSR) : 0                 limit for stopping : 1e-05
 lambda	  : 0.693354

initial set of free parameter values

a               = 3.59675
b               = 3.49716
c               = 1

After 6 iterations the fit converged.
final sum of squares of residuals : 0.372957
rel. change during last iteration : -2.22999e-06

degrees of freedom    (FIT_NDF)                        : 9
rms of residuals      (FIT_STDFIT) = sqrt(WSSR/ndf)    : 0.203567
variance of residuals (reduced chisquare) = WSSR/ndf   : 0.0414397

Final set of parameters            Asymptotic Standard Error
=======================            ==========================

a               = 3.43803          +/- 0.1884       (5.481%)
b               = 4.34894          +/- 0.6588       (15.15%)
c               = 1.276            +/- 0.1497       (11.73%)


correlation matrix of the fit parameters:

               a      b      c      
a               1.000 
b               0.099  1.000 
c              -0.538  0.689  1.000 


*******************************************************************************
Wed Sep 12 17:06:19 2012


FIT:    data read from "PairsNP.a2" u (($1-$2)*($2)):3
        format = x:z
        #datapoints = 12
        residuals are weighted equally (unit weight)

function used for fitting: f(x)
fitted parameters initialized with current variable values



 Iteration 0
 WSSR        : 47.8836           delta(WSSR)/WSSR   : 0
 delta(WSSR) : 0                 limit for stopping : 1e-05
 lambda	  : 0.57735

initial set of free parameter values

a               = 3.43803
b               = 4.34894
c               = 1.276

After 4 iterations the fit converged.
final sum of squares of residuals : 14.3064
rel. change during last iteration : -1.44057e-07

degrees of freedom    (FIT_NDF)                        : 9
rms of residuals      (FIT_STDFIT) = sqrt(WSSR/ndf)    : 1.26079
variance of residuals (reduced chisquare) = WSSR/ndf   : 1.5896

BREAK:          Singular matrix in Invert_RtR



*******************************************************************************
Wed Sep 12 17:06:32 2012


FIT:    data read from "PairsNP.a2" u (($1-$2)*($2)):3
        format = x:z
        #datapoints = 12
        residuals are weighted equally (unit weight)

function used for fitting: f(x)
fitted parameters initialized with current variable values

BREAK:          Undefined value during function evaluation



*******************************************************************************
Wed Sep 12 17:06:48 2012


FIT:    data read from "PairsNP.a2" u (($1-$2)*($2)):3
        format = x:z
        #datapoints = 12
        residuals are weighted equally (unit weight)

function used for fitting: f(x)
fitted parameters initialized with current variable values

BREAK:          Undefined value during function evaluation



*******************************************************************************
Wed Sep 12 17:06:56 2012


FIT:    data read from "PairsNP.a2" u 1:3
        format = x:z
        #datapoints = 12
        residuals are weighted equally (unit weight)

function used for fitting: f(x)
fitted parameters initialized with current variable values



 Iteration 0
 WSSR        : 1.29427e+171      delta(WSSR)/WSSR   : 0
 delta(WSSR) : 0                 limit for stopping : 1e-05
 lambda	  : 1.30561e+87

initial set of free parameter values

a               = 1
b               = 1
c               = 1

After 1 iterations the fit converged.
final sum of squares of residuals : 2.22548e+170
rel. change during last iteration : -4.81571

degrees of freedom    (FIT_NDF)                        : 9
rms of residuals      (FIT_STDFIT) = sqrt(WSSR/ndf)    : 4.97268e+84
variance of residuals (reduced chisquare) = WSSR/ndf   : 2.47275e+169

Final set of parameters            Asymptotic Standard Error
=======================            ==========================

a               = 0.999979         +/- 1.919e+38    (1.919e+40%)
b               = 0.995532         +/- 8.819e+35    (8.858e+37%)
c               = 1                +/- 2.038e+84    (2.038e+86%)


correlation matrix of the fit parameters:

               a      b      c      
a               1.000 
b              -1.000  1.000 
c               0.000  0.000  1.000 


*******************************************************************************
Wed Sep 12 17:07:13 2012


FIT:    data read from "PairsNP.a2" u 1:3
        format = x:z
        #datapoints = 12
        residuals are weighted equally (unit weight)

function used for fitting: f(x)
fitted parameters initialized with current variable values



 Iteration 0
 WSSR        : 20.027            delta(WSSR)/WSSR   : 0
 delta(WSSR) : 0                 limit for stopping : 1e-05
 lambda	  : 2.55342

initial set of free parameter values

a               = 0.999979
b               = 0.995532

After 4 iterations the fit converged.
final sum of squares of residuals : 0.111342
rel. change during last iteration : -2.63112e-09

degrees of freedom    (FIT_NDF)                        : 10
rms of residuals      (FIT_STDFIT) = sqrt(WSSR/ndf)    : 0.105519
variance of residuals (reduced chisquare) = WSSR/ndf   : 0.0111342

Final set of parameters            Asymptotic Standard Error
=======================            ==========================

a               = 0.0827204        +/- 0.08585      (103.8%)
b               = 0.883452         +/- 0.02474      (2.801%)


correlation matrix of the fit parameters:

               a      b      
a               1.000 
b              -0.935  1.000 


*******************************************************************************
Wed Sep 12 17:08:13 2012


FIT:    data read from "PairsNP.a2" u 1:3
        format = x:z
        #datapoints = 12
        residuals are weighted equally (unit weight)

function used for fitting: f(x)
fitted parameters initialized with current variable values



 Iteration 0
 WSSR        : 0.111342          delta(WSSR)/WSSR   : 0
 delta(WSSR) : 0                 limit for stopping : 1e-05
 lambda	  : 2.55342

initial set of free parameter values

a               = 0.0827204
b               = 0.883452

After 1 iterations the fit converged.
final sum of squares of residuals : 0.111342
rel. change during last iteration : -9.97125e-16

degrees of freedom    (FIT_NDF)                        : 10
rms of residuals      (FIT_STDFIT) = sqrt(WSSR/ndf)    : 0.105519
variance of residuals (reduced chisquare) = WSSR/ndf   : 0.0111342

Final set of parameters            Asymptotic Standard Error
=======================            ==========================

a               = 0.0827204        +/- 0.08585      (103.8%)
b               = 0.883452         +/- 0.02474      (2.801%)


correlation matrix of the fit parameters:

               a      b      
a               1.000 
b              -0.935  1.000 


*******************************************************************************
Wed Sep 12 17:08:34 2012


FIT:    data read from "PairsNP.a2" u ($2)*($1-$2):3
        format = x:z
        #datapoints = 12
        residuals are weighted equally (unit weight)

function used for fitting: f(x)
fitted parameters initialized with current variable values



 Iteration 0
 WSSR        : 46.1736           delta(WSSR)/WSSR   : 0
 delta(WSSR) : 0                 limit for stopping : 1e-05
 lambda	  : 4.05856

initial set of free parameter values

a               = 0.0827204
b               = 0.883452

After 4 iterations the fit converged.
final sum of squares of residuals : 0.104993
rel. change during last iteration : -2.00549e-08

degrees of freedom    (FIT_NDF)                        : 10
rms of residuals      (FIT_STDFIT) = sqrt(WSSR/ndf)    : 0.102466
variance of residuals (reduced chisquare) = WSSR/ndf   : 0.0104993

Final set of parameters            Asymptotic Standard Error
=======================            ==========================

a               = 0.711297         +/- 0.06765      (9.51%)
b               = 0.440188         +/- 0.01197      (2.719%)


correlation matrix of the fit parameters:

               a      b      
a               1.000 
b              -0.899  1.000 


*******************************************************************************
Wed Sep 12 17:09:36 2012


FIT:    data read from "PairsNP.a2" u ($2):3
        format = x:z
        #datapoints = 12
        residuals are weighted equally (unit weight)

function used for fitting: f(x)
fitted parameters initialized with current variable values



 Iteration 0
 WSSR        : 19.7185           delta(WSSR)/WSSR   : 0
 delta(WSSR) : 0                 limit for stopping : 1e-05
 lambda	  : 2.06977

initial set of free parameter values

a               = 0.711297
b               = 0.440188

After 4 iterations the fit converged.
final sum of squares of residuals : 0.155378
rel. change during last iteration : -1.46875e-11

degrees of freedom    (FIT_NDF)                        : 10
rms of residuals      (FIT_STDFIT) = sqrt(WSSR/ndf)    : 0.124651
variance of residuals (reduced chisquare) = WSSR/ndf   : 0.0155378

Final set of parameters            Asymptotic Standard Error
=======================            ==========================

a               = 0.563199         +/- 0.08685      (15.42%)
b               = 0.952781         +/- 0.03157      (3.314%)


correlation matrix of the fit parameters:

               a      b      
a               1.000 
b              -0.910  1.000 


*******************************************************************************
Wed Sep 12 17:32:16 2012


FIT:    data read from "EMC" u 1:($9)/($5)
        format = x:z
        #datapoints = 6
        residuals are weighted equally (unit weight)

function used for fitting: f(x)
fitted parameters initialized with current variable values



 Iteration 0
 WSSR        : 13506.2           delta(WSSR)/WSSR   : 0
 delta(WSSR) : 0                 limit for stopping : 1e-05
 lambda	  : 59.8059

initial set of free parameter values

a               = 0.563199
b               = 0.952781

After 5 iterations the fit converged.
final sum of squares of residuals : 0.355115
rel. change during last iteration : -7.39799e-08

degrees of freedom    (FIT_NDF)                        : 4
rms of residuals      (FIT_STDFIT) = sqrt(WSSR/ndf)    : 0.297958
variance of residuals (reduced chisquare) = WSSR/ndf   : 0.0887787

Final set of parameters            Asymptotic Standard Error
=======================            ==========================

a               = -0.00585206      +/- 0.0018       (30.75%)
b               = 2.10157          +/- 0.1522       (7.242%)


correlation matrix of the fit parameters:

               a      b      
a               1.000 
b              -0.601  1.000 


*******************************************************************************
Wed Sep 12 17:32:58 2012


FIT:    data read from "EMC" u 1:($9)/($5)
        format = x:z
        #datapoints = 6
        residuals are weighted equally (unit weight)

function used for fitting: f(x)
fitted parameters initialized with current variable values



 Iteration 0
 WSSR        : 20.7658           delta(WSSR)/WSSR   : 0
 delta(WSSR) : 0                 limit for stopping : 1e-05
 lambda	  : 0.578502

initial set of free parameter values

a               = -0.00585206
b               = 2.10157
c               = 1

After 9 iterations the fit converged.
final sum of squares of residuals : 0.0150467
rel. change during last iteration : -3.35234e-06

degrees of freedom    (FIT_NDF)                        : 3
rms of residuals      (FIT_STDFIT) = sqrt(WSSR/ndf)    : 0.0708208
variance of residuals (reduced chisquare) = WSSR/ndf   : 0.00501558

Final set of parameters            Asymptotic Standard Error
=======================            ==========================

a               = 1.06252          +/- 0.07278      (6.85%)
b               = 1.44857          +/- 0.09089      (6.275%)
c               = 0.0279175        +/- 0.004748     (17.01%)


correlation matrix of the fit parameters:

               a      b      c      
a               1.000 
b              -0.596  1.000 
c               0.660  0.062  1.000 
