This is pdfTeX, Version 3.14159265-2.6-1.40.15 (TeX Live 2014) (preloaded format=pdflatex 2014.11.4)  27 JAN 2015 12:13
entering extended mode
 restricted \write18 enabled.
 %&-line parsing enabled.
**OBMDdiagram.tex
(./OBMDdiagram.tex
LaTeX2e <2014/05/01>
Babel <3.9k> and hyphenation patterns for 78 languages loaded.
(/usr/local/texlive/2014/texmf-dist/tex/latex/base/article.cls
Document Class: article 2007/10/19 v1.4h Standard LaTeX document class
(/usr/local/texlive/2014/texmf-dist/tex/latex/base/size11.clo
File: size11.clo 2007/10/19 v1.4h Standard LaTeX file (size option)
)
\c@part=\count79
\c@section=\count80
\c@subsection=\count81
\c@subsubsection=\count82
\c@paragraph=\count83
\c@subparagraph=\count84
\c@figure=\count85
\c@table=\count86
\abovecaptionskip=\skip41
\belowcaptionskip=\skip42
\bibindent=\dimen102
)
(/usr/local/texlive/2014/texmf-dist/tex/latex/feynmf/feynmf.sty
Package: feynmf 1996/12/02 v1.08 LaTeX/Metafont Feynman Diagram Package (ohl)
\@outfmf=\write3
\fmfbuf@=\toks14
\c@fmfgraph=\count87
\grep@infile=\read1
\grep@outfile=\write4
)
(./OBMDdiagram.aux)
\openout1 = `OBMDdiagram.aux'.

LaTeX Font Info:    Checking defaults for OML/cmm/m/it on input line 8.
LaTeX Font Info:    ... okay on input line 8.
LaTeX Font Info:    Checking defaults for T1/cmr/m/n on input line 8.
LaTeX Font Info:    ... okay on input line 8.
LaTeX Font Info:    Checking defaults for OT1/cmr/m/n on input line 8.
LaTeX Font Info:    ... okay on input line 8.
LaTeX Font Info:    Checking defaults for OMS/cmsy/m/n on input line 8.
LaTeX Font Info:    ... okay on input line 8.
LaTeX Font Info:    Checking defaults for OMX/cmex/m/n on input line 8.
LaTeX Font Info:    ... okay on input line 8.
LaTeX Font Info:    Checking defaults for U/cmr/m/n on input line 8.
LaTeX Font Info:    ... okay on input line 8.
LaTeX Font Info:    External font `cmex10' loaded for size
(Font)              <10.95> on input line 14.
LaTeX Font Info:    External font `cmex10' loaded for size
(Font)              <8> on input line 14.
LaTeX Font Info:    External font `cmex10' loaded for size
(Font)              <6> on input line 14.


feynmf: File dianpa.tfm found.
feynmf: Nevertheless, if the picture has changed, reprocess dianpa.mf.
feynmf: If dimension have changed, reprocess dianpa.mf and OBMDdiagram.tex.
\openout3 = `dianpa.mf'.

\openout4 = `dianpa.t1'.

(./dianpa.t1
LaTeX Font Info:    External font `cmex10' loaded for size
(Font)              <12> on input line 3.
)

feynmf: File dianpc.tfm found.
feynmf: Nevertheless, if the picture has changed, reprocess dianpc.mf.
feynmf: If dimension have changed, reprocess dianpc.mf and OBMDdiagram.tex.
\openout3 = `dianpc.mf'.

\openout4 = `dianpc.t1'.

(./dianpc.t1)

feynmf: File dianpd.tfm found.
feynmf: Nevertheless, if the picture has changed, reprocess dianpd.mf.
feynmf: If dimension have changed, reprocess dianpd.mf and OBMDdiagram.tex.
\openout3 = `dianpd.mf'.

\openout4 = `dianpd.t1'.

(./dianpd.t1)

feynmf: File dianpb.tfm found.
feynmf: Nevertheless, if the picture has changed, reprocess dianpb.mf.
feynmf: If dimension have changed, reprocess dianpb.mf and OBMDdiagram.tex.
\openout3 = `dianpb.mf'.

\openout4 = `dianpb.t1'.

(./dianpb.t1)
Overfull \hbox (69.86646pt too wide) in paragraph at lines 14--156
[][] 
 []

[1

{/usr/local/texlive/2014/texmf-var/fonts/map/pdftex/updmap/pdftex.map}]
(./OBMDdiagram.aux) ) 
Here is how much of TeX's memory you used:
 427 strings out of 493117
 4485 string characters out of 6135433
 57579 words of memory out of 5000000
 3940 multiletter control sequences out of 15000+600000
 10730 words of font info for 41 fonts, out of 8000000 for 9000
 1141 hyphenation exceptions out of 8191
 25i,13n,20p,143b,260s stack positions out of 5000i,500n,10000p,200000b,80000s
 <./dianpb.600pk> <./dianpd.600pk> <./dianpc.600pk> <./dia
npa.600pk></usr/local/texlive/2014/texmf-dist/fonts/type1/public/amsfonts/cmext
ra/cmbsy8.pfb></usr/local/texlive/2014/texmf-dist/fonts/type1/public/amsfonts/c
m/cmbx12.pfb></usr/local/texlive/2014/texmf-dist/fonts/type1/public/amsfonts/cm
/cmbx8.pfb></usr/local/texlive/2014/texmf-dist/fonts/type1/public/amsfonts/cm/c
mmib10.pfb></usr/local/texlive/2014/texmf-dist/fonts/type1/public/amsfonts/cm/c
mr10.pfb>
Output written on OBMDdiagram.pdf (1 page, 37455 bytes).
PDF statistics:
 48 PDF objects out of 1000 (max. 8388607)
 35 compressed objects within 1 object stream
 0 named destinations out of 1000 (max. 500000)
 1 words of extra memory for PDF output out of 10000 (max. 10000000)

