# r= r1-r2
# r 	 cluster 	 pieper 	 GFMC 		 GD
0 	0.80496 	0.7359 		0.605515 	0.99994
0.02 	0.811407 	0.7353 		0.610708 	1.00096
0.04 	0.815827 	0.7333 		0.61329 	1.00073
0.06 	0.818238 	0.73 		0.613446 	0.999957
0.08 	0.818665 	0.7254 		0.611352 	0.999012
0.1 	0.817141 	0.7194 		0.607182 	0.998001
0.12 	0.813709 	0.7121 		0.601099 	0.996826
0.14 	0.80842 	0.7034 		0.593263 	0.995241
0.16 	0.80133 	0.6935 		0.583825 	0.992908
0.18 	0.792507 	0.6821 		0.572932 	0.989435
0.2 	0.782022 	0.6695 		0.560723 	0.984415
0.22 	0.769954 	0.6556 		0.547333 	0.977454
0.24 	0.756386 	0.6404 		0.53289 	0.968196
0.26 	0.741409 	0.6239 		0.517517 	0.956339
0.28 	0.725115 	0.6063 		0.501331 	0.94165
0.3 	0.707603 	0.5876 		0.484443 	0.923968
0.32 	0.688973 	0.5677 		0.46696 	0.903214
0.34 	0.669327 	0.547 		0.448982 	0.879386
0.36 	0.648772 	0.5253 		0.430604 	0.852559
0.38 	0.627412 	0.5028 		0.411919 	0.822879
0.4 	0.605353 	0.4797 		0.39301 	0.790555
0.42 	0.582701 	0.456 		0.37396 	0.755849
0.44 	0.559561 	0.432 		0.354844 	0.719068
0.46 	0.536037 	0.4076 		0.335733 	0.680553
0.48 	0.512228 	0.3831 		0.316695 	0.640669
0.5 	0.488233 	0.3586 		0.297792 	0.599791
0.52 	0.464147 	0.3342 		0.279082 	0.558297
0.54 	0.440062 	0.31 		0.260619 	0.51656
0.56 	0.416065 	0.2862 		0.242453 	0.474933
0.58 	0.392238 	0.263 		0.22463 	0.43375
0.6 	0.368659 	0.2403 		0.207193 	0.393314
0.62 	0.345402 	0.2183 		0.190179 	0.353894
0.64 	0.322534 	0.1972 		0.173623 	0.315724
0.66 	0.300117 	0.1768 		0.157557 	0.278998
0.68 	0.278208 	0.1575 		0.142007 	0.243871
0.7 	0.256858 	0.139 		0.126999 	0.210459
0.72 	0.236113 	0.1216 		0.112553 	0.178844
0.74 	0.216012 	0.1052 		0.0986879 	0.149071
0.76 	0.19659 	0.0899 		0.0854181 	0.121157
0.78 	0.177876 	0.0756 		0.0727561 	0.0950954
0.8 	0.159893 	0.0623 		0.060711 	0.0708552
0.82 	0.142661 	0.05 		0.0492897 	0.0483917
0.84 	0.126192 	0.0387 		0.0384961 	0.0276482
0.86 	0.110496 	0.0283 		0.028332 	0.00856142
0.88 	0.0955775 	0.0189 		0.0187966 	-0.00893468
0.9 	0.0814371 	0.0103 		0.00988707 	-0.024906
0.92 	0.0680712 	0.00260001 		0.00159823 	-0.0394156
0.94 	0.0554731 	-0.00399995 		-0.00607698 	-0.0525227
0.96 	0.0436324 	-0.011 		-0.0131476 	-0.064282
0.98 	0.032536 	-0.016 		-0.0196244 	-0.0747447
1 	0.022168 	-0.021 		-0.02552 	-0.08396
1.02 	0.0125102 	-0.025 		-0.0308485 	-0.0919776
1.04 	0.00354237 	-0.029 		-0.0356254 	-0.0988505
1.06 	-0.00475753 	-0.0319999 		-0.0398678 	-0.104638
1.08 	-0.0124131 	-0.035 		-0.0435938 	-0.109409
1.1 	-0.019449 	-0.038 		-0.046823 	-0.113241
1.12 	-0.025891 	-0.04 		-0.0495757 	-0.116223
1.14 	-0.0317655 	-0.041 		-0.0518733 	-0.118449
1.16 	-0.0370996 	-0.043 		-0.0537381 	-0.120011
1.18 	-0.0419204 	-0.044 		-0.0551929 	-0.120987
1.2 	-0.0462552 	-0.045 		-0.0562615 	-0.121416
1.22 	-0.0501314 	-0.045 		-0.0569677 	-0.121273
1.24 	-0.0535757 	-0.045 		-0.0573361 	-0.120407
1.26 	-0.0566149 	-0.046 		-0.0573914 	-0.120287
1.28 	-0.0592749 	-0.046 		-0.0571586 	-0.119926
1.3 	-0.0615812 	-0.045 		-0.0566626 	-0.119328
1.32 	-0.0635585 	-0.045 		-0.0559285 	-0.118496
1.34 	-0.0652305 	-0.045 		-0.0549811 	-0.117434
1.36 	-0.0666203 	-0.044 		-0.0538449 	-0.116149
1.38 	-0.0677499 	-0.043 		-0.0525441 	-0.114649
1.4 	-0.0686404 	-0.043 		-0.0511025 	-0.112942
1.42 	-0.0693118 	-0.0420001 		-0.0495432 	-0.111038
1.44 	-0.0697831 	-0.041 		-0.0478888 	-0.108948
1.46 	-0.0700723 	-0.04 		-0.0461609 	-0.106684
1.48 	-0.0701964 	-0.039 		-0.0443802 	-0.104258
1.5 	-0.0701713 	-0.038 		-0.0425666 	-0.101683
1.52 	-0.0700119 	-0.0369999 		-0.0407386 	-0.0989746
1.54 	-0.0697321 	-0.036 		-0.0389138 	-0.0961453
1.56 	-0.0693448 	-0.035 		-0.0371081 	-0.0932103
1.58 	-0.0688622 	-0.034 		-0.0353362 	-0.0901843
1.6 	-0.0682953 	-0.033 		-0.0336111 	-0.0870822
1.62 	-0.0676544 	-0.0319999 		-0.0319444 	-0.0839188
1.64 	-0.0669489 	-0.03 		-0.0303455 	-0.0807087
1.66 	-0.0661875 	-0.029 		-0.0288223 	-0.0774663
1.68 	-0.065378 	-0.028 		-0.0273806 	-0.0742056
1.7 	-0.0645277 	-0.0269999 		-0.026024 	-0.0709401
1.72 	-0.0636432 	-0.026 		-0.0247539 	-0.0676828
1.74 	-0.0627303 	-0.025 		-0.0235696 	-0.0644461
1.76 	-0.0617944 	-0.023 		-0.0224677 	-0.0612415
1.78 	-0.0608405 	-0.022 		-0.0214425 	-0.0580799
1.8 	-0.0598726 	-0.021 		-0.0204855 	-0.0549716
1.82 	-0.0588949 	-0.02 		-0.0195855 	-0.0519256
1.84 	-0.0579107 	-0.0190001 		-0.0187285 	-0.0489503
1.86 	-0.056923 	-0.018 		-0.0178974 	-0.0460534
1.88 	-0.0559346 	-0.017 		-0.0170723 	-0.0432413
1.9 	-0.0549479 	-0.016 		-0.0160851 	-0.0405198
1.92 	-0.0539649 	-0.015 		-0.0152357 	-0.0378937
1.94 	-0.0529876 	-0.0140001 		-0.0144229 	-0.035367
1.96 	-0.0520174 	-0.013 		-0.0136458 	-0.0329429
1.98 	-0.0510557 	-0.012 		-0.0129032 	-0.0306235
2 	-0.0501038 	-0.011 		-0.0121941 	-0.0284106
2.02 	-0.0491626 	-0.00999999 		-0.0115174 	-0.0263049
2.04 	-0.0482328 	-0.00999999 		-0.0108721 	-0.0243067
2.06 	-0.0473154 	-0.00899994 		-0.0102571 	-0.0224153
2.08 	-0.0464107 	-0.00800002 		-0.00967143 	-0.0206298
2.1 	-0.0455193 	-0.00699997 		-0.009114 	-0.0189486
2.12 	-0.0446416 	-0.00699997 		-0.00858382 	-0.0173696
2.14 	-0.0437777 	-0.00600004 		-0.00807989 	-0.0158904
2.16 	-0.042928 	-0.005 		-0.00760123 	-0.0145081
2.18 	-0.0420926 	-0.005 		-0.00714686 	-0.0132196
2.2 	-0.0412714 	-0.00399995 		-0.00671584 	-0.0120215
2.22 	-0.0404647 	-0.00399995 		-0.00630723 	-0.0109101
2.24 	-0.0396723 	-0.00300002 		-0.00592011 	-0.00988164
2.26 	-0.0388942 	-0.00300002 		-0.0055536 	-0.00893227
2.28 	-0.0381304 	-0.00199997 		-0.00520682 	-0.00805797
2.3 	-0.0373806 	-0.00199997 		-0.00487892 	-0.00725473
2.32 	-0.0366449 	-0.00100005 		-0.00456908 	-0.00651851
2.34 	-0.035923 	-0.00100005 		-0.00427648 	-0.00584529
2.36 	-0.0352148 	-0.00100005 		-0.00400035 	-0.00523113
2.38 	-0.0345202 	-0.00100005 		-0.00373992 	-0.00467215
2.4 	-0.0338388 	0 		-0.00349446 	-0.00416455
2.42 	-0.0331706 	0 		-0.00326325 	-0.00370469
2.44 	-0.0325153 	0 		-0.00304562 	-0.00328902
2.46 	-0.0318727 	0 		-0.00284088 	-0.00291416
2.48 	-0.0312426 	0 		-0.0026484 	-0.00257686
2.5 	-0.0306248 	0 		-0.00246756 	-0.00227405
2.52 	-0.0300191 	0 		-0.00229776 	-0.00200281
2.54 	-0.0294253 	0 		-0.00213843 	-0.0017604
2.56 	-0.0288431 	0 		-0.00198902 	-0.00154424
2.58 	-0.0282724 	0 		-0.001849 	-0.00135191
2.6 	-0.0277129 	0 		-0.00171786 	-0.00118117
2.62 	-0.0271644 	0 		-0.00159511 	-0.00102994
2.64 	-0.0266267 	0 		-0.0014803 	-0.00089627
2.66 	-0.0260996 	0 		-0.00137296 	-0.000778392
2.68 	-0.025583 	0 		-0.00127269 	-0.000674667
2.7 	-0.0250765 	0 		-0.00117907 	-0.000583595
2.72 	-0.0245801 	0 		-0.00109172 	-0.000503808
2.74 	-0.0240934 	0 		-0.00101026 	-0.00043406
2.76 	-0.0236164 	0 		-0.000934353 	-0.000373221
2.78 	-0.0231488 	0 		-0.000863657 	-0.000320268
2.8 	-0.0226905 	0 		-0.000797856 	-0.000274279
2.82 	-0.0222412 	0 		-0.00073665 	-0.000234425
2.84 	-0.0218008 	0 		-0.000679753 	-0.000199961
2.86 	-0.0213692 	0 		-0.000626895 	-0.000170223
2.88 	-0.0209461 	0 		-0.000577818 	-0.000144618
2.9 	-0.0205313 	0 		-0.000532281 	-0.000122619
2.92 	-0.0201248 	0 		-0.000490054 	-0.000103759
2.94 	-0.0197263 	0 		-0.000450921 	-8.76241e-05
2.96 	-0.0193357 	0 		-0.000414678 	-7.38504e-05
2.98 	-0.0189528 	0 		-0.00038113 	-6.21175e-05
3 	-0.0185775 	0 		-0.000350098 	-5.21443e-05
3.02 	-0.0182097 	0 		-0.00032141 	-4.36848e-05
3.04 	-0.0178491 	0 		-0.000294905 	-3.65246e-05
3.06 	-0.0174957 	0 		-0.000270432 	-3.0477e-05
3.08 	-0.0171492 	0 		-0.000247849 	-2.53799e-05
3.1 	-0.0168097 	0 		-0.000227023 	-2.1093e-05
3.12 	-0.0164768 	0 		-0.000207829 	-1.74952e-05
3.14 	-0.0161505 	0 		-0.00019015 	-1.44821e-05
3.16 	-0.0158307 	0 		-0.000173876 	-1.19639e-05
3.18 	-0.0155173 	0 		-0.000158904 	-9.86389e-06
3.2 	-0.01521 	0 		-0.000145139 	-8.11623e-06
3.22 	-0.0149088 	0 		-0.000132491 	-6.66487e-06
3.24 	-0.0146136 	0 		-0.000120877 	-5.4621e-06
3.26 	-0.0143242 	0 		-0.000110218 	-4.46745e-06
3.28 	-0.0140406 	0 		-0.000100442 	-3.64662e-06
3.3 	-0.0137626 	0 		-9.14806e-05 	-2.97066e-06
3.32 	-0.0134901 	0 		-8.32718e-05 	-2.41517e-06
3.34 	-0.0132229 	0 		-7.57565e-05 	-1.95962e-06
3.36 	-0.0129611 	0 		-6.88804e-05 	-1.58682e-06
3.38 	-0.0127045 	0 		-6.25928e-05 	-1.28238e-06
3.4 	-0.0124529 	0 		-5.68469e-05 	-1.03427e-06
3.42 	-0.0122063 	0 		-5.15991e-05 	-8.32504e-07
3.44 	-0.0119646 	0 		-4.68091e-05 	-6.68757e-07
3.46 	-0.0117277 	0 		-4.24397e-05 	-5.36144e-07
3.48 	-0.0114955 	0 		-3.84563e-05 	-4.28969e-07
3.5 	-0.0112679 	0 		-3.4827e-05 	-3.42533e-07
3.52 	-0.0110447 	0 		-3.15223e-05 	-2.72967e-07
3.54 	-0.010826 	0 		-2.8515e-05 	-2.17094e-07
3.56 	-0.0106117 	0 		-2.57799e-05 	-1.72313e-07
3.58 	-0.0104015 	0 		-2.32939e-05 	-1.36496e-07
3.6 	-0.0101956 	0 		-2.10357e-05 	-1.07908e-07
3.62 	-0.00999369 	0 		-1.89857e-05 	-8.51365e-08
3.64 	-0.0097958 	0 		-1.71257e-05 	-6.70365e-08
3.66 	-0.00960183 	0 		-1.54391e-05 	-5.2679e-08
3.68 	-0.0094117 	0 		-1.39107e-05 	-4.13139e-08
3.7 	-0.00922534 	0 		-1.25266e-05 	-3.23359e-08
3.72 	-0.00904266 	0 		-1.12737e-05 	-2.52584e-08
3.74 	-0.00886361 	0 		-1.01404e-05 	-1.96906e-08
3.76 	-0.00868809 	0 		-9.11581e-06 	-1.53194e-08
3.78 	-0.00851606 	0 		-8.19011e-06 	-1.18948e-08
3.8 	-0.00834743 	0 		-7.35424e-06 	-9.21726e-09
3.82 	-0.00818214 	0 		-6.59992e-06 	-7.12819e-09
3.84 	-0.00802012 	0 		-5.91961e-06 	-5.50159e-09
3.86 	-0.00786131 	0 		-5.30641e-06 	-4.23768e-09
3.88 	-0.00770565 	0 		-4.75403e-06 	-3.25761e-09
3.9 	-0.00755307 	0 		-4.25673e-06 	-2.49921e-09
3.92 	-0.00740351 	0 		-3.80928e-06 	-1.91354e-09
3.94 	-0.00725691 	0 		-3.40694e-06 	-1.46218e-09
3.96 	-0.00711321 	0 		-3.04536e-06 	-1.11506e-09
3.98 	-0.00697236 	0 		-2.72061e-06 	-8.48647e-10
4 	-0.0068343 	0 		-2.4291e-06 	-6.44594e-10
4.02 	-0.00669897 	0 		-2.16761e-06 	-4.88627e-10
4.04 	-0.00656632 	0 		-1.93316e-06 	-3.69657e-10
4.06 	-0.0064363 	0 		-1.72309e-06 	-2.79095e-10
4.08 	-0.00630885 	0 		-1.53498e-06 	-2.10299e-10
4.1 	-0.00618393 	0 		-1.36662e-06 	-1.58144e-10
4.12 	-0.00606148 	0 		-1.21604e-06 	-1.18686e-10
4.14 	-0.00594145 	0 		-1.08144e-06 	-8.88956e-11
4.16 	-0.0058238 	0 		-9.61191e-07 	-6.64493e-11
4.18 	-0.00570849 	0 		-8.53827e-07 	-4.95715e-11
4.2 	-0.00559545 	0 		-7.58025e-07 	-3.69067e-11
4.22 	-0.00548465 	0 		-6.7259e-07 	-2.74226e-11
4.24 	-0.00537605 	0 		-5.96445e-07 	-2.0335e-11
4.26 	-0.0052696 	0 		-5.2862e-07 	-1.50491e-11
4.28 	-0.00516525 	0 		-4.68242e-07 	-1.1115e-11
4.3 	-0.00506297 	0 		-4.14525e-07 	-8.19293e-12
4.32 	-0.00496272 	0 		-3.66761e-07 	-6.02699e-12
4.34 	-0.00486445 	0 		-3.24317e-07 	-4.42479e-12
4.36 	-0.00476813 	0 		-2.86622e-07 	-3.24202e-12
4.38 	-0.00467371 	0 		-2.53165e-07 	-2.37067e-12
4.4 	-0.00458117 	0 		-2.23485e-07 	-1.73004e-12
4.42 	-0.00449045 	0 		-1.97174e-07 	-1.26001e-12
4.44 	-0.00440154 	0 		-1.73861e-07 	-9.15849e-13
4.46 	-0.00431438 	0 		-1.53217e-07 	-6.64361e-13
4.48 	-0.00422895 	0 		-1.34948e-07 	-4.80968e-13
4.5 	-0.00414521 	0 		-1.1879e-07 	-3.47503e-13
4.52 	-0.00406313 	0 		-1.04507e-07 	-2.50572e-13
4.54 	-0.00398267 	0 		-9.18895e-08 	-1.80318e-13
4.56 	-0.00390381 	0 		-8.07493e-08 	-1.29502e-13
4.58 	-0.00382651 	0 		-7.09193e-08 	-9.28206e-14
4.6 	-0.00375074 	0 		-6.22506e-08 	-6.63963e-14
4.62 	-0.00367647 	0 		-5.46105e-08 	-4.73996e-14
4.64 	-0.00360367 	0 		-4.78809e-08 	-3.37705e-14
4.66 	-0.00353232 	0 		-4.19567e-08 	-2.40122e-14
4.68 	-0.00346237 	0 		-3.67446e-08 	-1.70395e-14
4.7 	-0.00339381 	0 		-3.21617e-08 	-1.20674e-14
4.72 	-0.00332661 	0 		-2.81344e-08 	-8.52905e-15
4.74 	-0.00326074 	0 		-2.45975e-08 	-6.01616e-15
4.76 	-0.00319617 	0 		-2.14929e-08 	-4.23516e-15
4.78 	-0.00313288 	0 		-1.87696e-08 	-2.97544e-15
4.8 	-0.00307085 	0 		-1.6382e-08 	-2.08624e-15
4.82 	-0.00301004 	0 		-1.429e-08 	-1.45985e-15
4.84 	-0.00295044 	0 		-1.24581e-08 	-1.0195e-15
4.86 	-0.00289202 	0 		-1.08548e-08 	-7.10546e-16
4.88 	-0.00283475 	0 		-9.45253e-09 	-4.94232e-16
4.9 	-0.00277862 	0 		-8.22672e-09 	-3.43084e-16
4.92 	-0.0027236 	0 		-7.15581e-09 	-2.37685e-16
4.94 	-0.00266967 	0 		-6.22076e-09 	-1.64337e-16
4.96 	-0.0026168 	0 		-5.40483e-09 	-1.13396e-16
4.98 	-0.00256499 	0 		-4.69325e-09 	-7.80896e-17
5 	-0.0025142 	0 		-4.07304e-09 	-5.36686e-17
5.02 	-0.00246441 	0 		-3.53278e-09 	-3.6811e-17
5.04 	-0.00241561 	0 		-3.06245e-09 	-2.51981e-17
5.06 	-0.00236778 	0 		-2.65322e-09 	-1.72142e-17
5.08 	-0.0023209 	0 		-2.29737e-09 	-1.17365e-17
5.1 	-0.00227494 	0 		-1.98812e-09 	-7.98588e-18
5.12 	-0.00222989 	0 		-1.71952e-09 	-5.42297e-18
5.14 	-0.00218574 	0 		-1.48637e-09 	-3.67522e-18
5.16 	-0.00214246 	0 		-1.28409e-09 	-2.48577e-18
5.18 	-0.00210003 	0 		-1.10872e-09 	-1.67791e-18
5.2 	-0.00205845 	0 		-9.56751e-10 	-1.13034e-18
5.22 	-0.00201769 	0 		-8.25145e-10 	-7.59942e-19
5.24 	-0.00197774 	0 		-7.11238e-10 	-5.09898e-19
5.26 	-0.00193858 	0 		-6.12706e-10 	-3.41442e-19
5.28 	-0.00190019 	0 		-5.27525e-10 	-2.28183e-19
5.3 	-0.00186256 	0 		-4.53929e-10 	-1.52188e-19
5.32 	-0.00182568 	0 		-3.90378e-10 	-1.01299e-19
5.34 	-0.00178953 	0 		-3.35534e-10 	-6.72925e-20
5.36 	-0.0017541 	0 		-2.88231e-10 	-4.46126e-20
5.38 	-0.00171936 	0 		-2.47456e-10 	-2.95175e-20
5.4 	-0.00168532 	0 		-2.12328e-10 	-1.94909e-20
5.42 	-0.00165195 	0 		-1.82084e-10 	-1.28445e-20
5.44 	-0.00161923 	0 		-1.56059e-10 	-8.4476e-21
5.46 	-0.00158717 	0 		-1.33678e-10 	-5.54473e-21
5.48 	-0.00155574 	0 		-1.14442e-10 	-3.63211e-21
5.5 	-0.00152494 	0 		-9.79177e-11 	-2.37449e-21
5.52 	-0.00149474 	0 		-8.3732e-11 	-1.54921e-21
5.54 	-0.00146514 	0 		-7.15608e-11 	-1.00875e-21
5.56 	-0.00143613 	0 		-6.1124e-11 	-6.55523e-22
5.58 	-0.0014077 	0 		-5.21798e-11 	-4.25131e-22
5.6 	-0.00137982 	0 		-4.45191e-11 	-2.75163e-22
5.62 	-0.0013525 	0 		-3.79614e-11 	-1.77741e-22
5.64 	-0.00132572 	0 		-3.23514e-11 	-1.14582e-22
5.66 	-0.00129947 	0 		-2.75547e-11 	-7.37188e-23
5.68 	-0.00127374 	0 		-2.3456e-11 	-4.73337e-23
5.7 	-0.00124851 	0 		-1.99555e-11 	-3.03315e-23
5.72 	-0.00122379 	0 		-1.69678e-11 	-1.93976e-23
5.74 	-0.00119956 	0 		-1.44193e-11 	-1.23804e-23
5.76 	-0.00117581 	0 		-1.22465e-11 	-7.88592e-24
5.78 	-0.00115252 	0 		-1.03953e-11 	-5.01304e-24
5.8 	-0.0011297 	0 		-8.81886e-12 	-3.1804e-24
5.82 	-0.00110733 	0 		-7.47725e-12 	-2.01369e-24
5.84 	-0.00108541 	0 		-6.33614e-12 	-1.27244e-24
5.86 	-0.00106391 	0 		-5.36613e-12 	-8.02436e-25
5.88 	-0.00104285 	0 		-4.54204e-12 	-5.05028e-25
5.9 	-0.0010222 	0 		-3.84232e-12 	-3.17214e-25
5.92 	-0.00100196 	0 		-3.24855e-12 	-1.98848e-25
5.94 	-0.000982116 	0 		-2.74498e-12 	-1.244e-25
5.96 	-0.000962668 	0 		-2.31815e-12 	-7.76697e-26
5.98 	-0.000943606 	0 		-1.95658e-12 	-4.83965e-26
6 	-0.000924922 	0 		-1.65047e-12 	-3.00959e-26
6.02 	-0.000906607 	0 		-1.39146e-12 	-1.86781e-26
6.04 	-0.000888655 	0 		-1.17243e-12 	-1.15688e-26
6.06 	-0.000871058 	0 		-9.87313e-13 	-7.15116e-27
6.08 	-0.00085381 	0 		-8.30955e-13 	-4.41159e-27
6.1 	-0.000836904 	0 		-6.98961e-13 	-2.7161e-27
6.12 	-0.000820332 	0 		-5.876e-13 	-1.66889e-27
6.14 	-0.000804088 	0 		-4.93701e-13 	-1.02339e-27
6.16 	-0.000788166 	0 		-4.14572e-13 	-6.26303e-28
6.18 	-0.000772559 	0 		-3.47928e-13 	-3.82525e-28
6.2 	-0.000757262 	0 		-2.91831e-13 	-2.33167e-28
6.22 	-0.000742267 	0 		-2.44639e-13 	-1.41842e-28
6.24 	-0.000727569 	0 		-2.04963e-13 	-8.61143e-29
6.26 	-0.000713162 	0 		-1.71624e-13 	-5.21767e-29
6.28 	-0.000699041 	0 		-1.43626e-13 	-3.15507e-29
6.3 	-0.000685199 	0 		-1.20127e-13 	-1.90403e-29
6.32 	-0.000671631 	0 		-1.00416e-13 	-1.14675e-29
6.34 	-0.000658332 	0 		-8.38915e-14 	-6.89278e-30
6.36 	-0.000645296 	0 		-7.00465e-14 	-4.13478e-30
6.38 	-0.000632518 	0 		-5.84532e-14 	-2.47538e-30
6.4 	-0.000619993 	0 		-4.8751e-14 	-1.47898e-30
6.42 	-0.000607717 	0 		-4.06361e-14 	-8.81888e-31
6.44 	-0.000595683 	0 		-3.38527e-14 	-5.24803e-31
6.46 	-0.000583888 	0 		-2.81856e-14 	-3.11681e-31
6.48 	-0.000572326 	0 		-2.3454e-14 	-1.84738e-31
6.5 	-0.000560993 	0 		-1.95055e-14 	-1.09278e-31
6.52 	-0.000549885 	0 		-1.62126e-14 	-6.45123e-32
6.54 	-0.000538996 	0 		-1.34679e-14 	-3.80086e-32
6.56 	-0.000528324 	0 		-1.11815e-14 	-2.23488e-32
6.58 	-0.000517862 	0 		-9.27804e-15 	-1.31146e-32
6.6 	-0.000507608 	0 		-7.69421e-15 	-7.68051e-33
6.62 	-0.000497556 	0 		-6.37713e-15 	-4.48906e-33
6.64 	-0.000487704 	0 		-5.2825e-15 	-2.61849e-33
6.66 	-0.000478047 	0 		-4.37328e-15 	-1.52433e-33
6.68 	-0.000468581 	0 		-3.6185e-15 	-8.85602e-34
6.7 	-0.000459302 	0 		-2.99228e-15 	-5.13487e-34
6.72 	-0.000450208 	0 		-2.47304e-15 	-2.97133e-34
6.74 	-0.000441293 	0 		-2.04273e-15 	-1.71595e-34
6.76 	-0.000432555 	0 		-1.68634e-15 	-9.88983e-35
6.78 	-0.00042399 	0 		-1.39134e-15 	-5.68859e-35
6.8 	-0.000415594 	0 		-1.14729e-15 	-3.26552e-35
6.82 	-0.000407365 	0 		-9.45514e-16 	-1.87082e-35
6.84 	-0.000399298 	0 		-7.78781e-16 	-1.06965e-35
6.86 	-0.000391392 	0 		-6.41085e-16 	-6.10354e-36
6.88 	-0.000383642 	0 		-5.27436e-16 	-3.4758e-36
6.9 	-0.000376045 	0 		-4.33687e-16 	-1.97542e-36
6.92 	-0.000368599 	0 		-3.564e-16 	-1.12045e-36
6.94 	-0.0003613 	0 		-2.92719e-16 	-6.3425e-37
6.96 	-0.000354146 	0 		-2.4028e-16 	-3.5831e-37
6.98 	-0.000347133 	0 		-1.97123e-16 	-2.02017e-37
7 	-0.00034026 	0 		-1.61626e-16 	-1.13671e-37
7.02 	-0.000333522 	0 		-1.32446e-16 	-6.38324e-38
7.04 	-0.000326918 	0 		-1.08472e-16 	-3.57737e-38
7.06 	-0.000320444 	0 		-8.87876e-17 	-2.00087e-38
7.08 	-0.000314099 	0 		-7.26339e-17 	-1.11688e-38
7.1 	-0.00030788 	0 		-5.93854e-17 	-6.22189e-39
7.12 	-0.000301783 	0 		-4.85258e-17 	-3.45916e-39
7.14 	-0.000295808 	0 		-3.96296e-17 	-1.91934e-39
7.16 	-0.00028995 	0 		-3.23459e-17 	-1.06283e-39
7.18 	-0.000284209 	0 		-2.63859e-17 	-5.87361e-40
7.2 	-0.000278581 	0 		-2.15119e-17 	-3.23951e-40
7.22 	-0.000273065 	0 		-1.75283e-17 	-1.78314e-40
7.24 	-0.000267658 	0 		-1.42742e-17 	-9.79539e-41
7.26 	-0.000262358 	0 		-1.16176e-17 	-5.37019e-41
7.28 	-0.000257163 	0 		-9.45013e-18 	-2.93825e-41
7.3 	-0.000252071 	0 		-7.68264e-18 	-1.60443e-41
7.32 	-0.000247079 	0 		-6.24219e-18 	-8.74344e-42
7.34 	-0.000242187 	0 		-5.06893e-18 	-4.75528e-42
7.36 	-0.000237391 	0 		-4.11385e-18 	-2.58108e-42
7.38 	-0.00023269 	0 		-3.33684e-18 	-1.39816e-42
7.4 	-0.000228083 	0 		-2.70504e-18 	-7.55865e-43
7.42 	-0.000223567 	0 		-2.19163e-18 	-4.07815e-43
7.44 	-0.00021914 	0 		-1.77465e-18 	-2.1959e-43
7.46 	-0.0002148 	0 		-1.43619e-18 	-1.18004e-43
7.48 	-0.000210547 	0 		-1.16162e-18 	-6.3286e-44
7.5 	-0.000206378 	0 		-9.3901e-19 	-3.38729e-44
7.52 	-0.000202291 	0 		-7.58629e-19 	-1.80937e-44
7.54 	-0.000198286 	0 		-6.1255e-19 	-9.64572e-45
7.56 	-0.000194359 	0 		-4.94319e-19 	-5.13184e-45
7.58 	-0.000190511 	0 		-3.98682e-19 	-2.72485e-45
7.6 	-0.000186738 	0 		-3.21365e-19 	-1.44392e-45
7.62 	-0.000183041 	0 		-2.58895e-19 	-7.63617e-46
7.64 	-0.000179416 	0 		-2.0845e-19 	-4.03032e-46
7.66 	-0.000175864 	0 		-1.67739e-19 	-2.12292e-46
7.68 	-0.000172381 	0 		-1.34903e-19 	-1.11599e-46
7.7 	-0.000168968 	0 		-1.08432e-19 	-5.85488e-47
7.72 	-0.000165622 	0 		-8.71065e-20 	-3.06554e-47
7.74 	-0.000162343 	0 		-6.99352e-20 	-1.60187e-47
7.76 	-0.000159128 	0 		-5.6117e-20 	-8.35371e-48
7.78 	-0.000155977 	0 		-4.50035e-20 	-4.34773e-48
7.8 	-0.000152889 	0 		-3.60704e-20 	-2.25827e-48
7.82 	-0.000149861 	0 		-2.88941e-20 	-1.17064e-48
7.84 	-0.000146894 	0 		-2.31324e-20 	-6.05619e-49
7.86 	-0.000143985 	0 		-1.85091e-20 	-3.12686e-49
7.88 	-0.000141134 	0 		-1.48015e-20 	-1.61119e-49
7.9 	-0.000138339 	0 		-1.18298e-20 	-8.2855e-50
7.92 	-0.0001356 	0 		-9.44932e-21 	-4.25227e-50
7.94 	-0.000132915 	0 		-7.5436e-21 	-2.17798e-50
7.96 	-0.000130283 	0 		-6.0188e-21 	-1.11332e-50
7.98 	-0.000127703 	0 		-4.79949e-21 	-5.67958e-51
8 	-0.000125175 	0 		-3.82501e-21 	-2.89164e-51
8.02 	-0.000122696 	0 		-3.04666e-21 	-1.46928e-51
8.04 	-0.000120266 	0 		-2.42532e-21 	-7.45064e-52
8.06 	-0.000117885 	0 		-1.9296e-21 	-3.77064e-52
8.08 	-0.000115551 	0 		-1.53433e-21 	-1.90445e-52
8.1 	-0.000113263 	0 		-1.21933e-21 	-9.5996e-53
8.12 	-0.00011102 	0 		-9.68455e-22 	-4.82913e-53
8.14 	-0.000108822 	0 		-7.68759e-22 	-2.42447e-53
8.16 	-0.000106667 	0 		-6.09894e-22 	-1.21477e-53
8.18 	-0.000104555 	0 		-4.83584e-22 	-6.07441e-54
8.2 	-0.000102484 	0 		-3.83215e-22 	-3.03142e-54
8.22 	-0.000100455 	0 		-3.03506e-22 	-1.5098e-54
8.24 	-9.84658e-05 	0 		-2.40239e-22 	-7.5045e-55
8.26 	-9.6516e-05 	0 		-1.90053e-22 	-3.72269e-55
8.28 	-9.46049e-05 	0 		-1.50265e-22 	-1.84299e-55
8.3 	-9.27316e-05 	0 		-1.1874e-22 	-9.10587e-56
8.32 	-9.08954e-05 	0 		-9.37749e-23 	-4.49005e-56
8.34 	-8.90955e-05 	0 		-7.40168e-23 	-2.20959e-56
8.36 	-8.73313e-05 	0 		-5.83885e-23 	-1.08518e-56
8.38 	-8.5602e-05 	0 		-4.60339e-23 	-5.31896e-57
8.4 	-8.3907e-05 	0 		-3.62728e-23 	-2.60184e-57
8.42 	-8.22455e-05 	0 		-2.85653e-23 	-1.27019e-57
8.44 	-8.0617e-05 	0 		-2.24827e-23 	-6.18849e-58
8.46 	-7.90206e-05 	0 		-1.76853e-23 	-3.00908e-58
8.48 	-7.74559e-05 	0 		-1.39037e-23 	-1.4602e-58
8.5 	-7.59222e-05 	0 		-1.09244e-23 	-7.07171e-59
8.52 	-7.44188e-05 	0 		-8.57872e-24 	-3.41796e-59
8.54 	-7.29452e-05 	0 		-6.73286e-24 	-1.6487e-59
8.56 	-7.15008e-05 	0 		-5.28116e-24 	-7.93682e-60
8.58 	-7.0085e-05 	0 		-4.14012e-24 	-3.81314e-60
8.6 	-6.86972e-05 	0 		-3.24376e-24 	-1.82832e-60
8.62 	-6.73369e-05 	0 		-2.54003e-24 	-8.74884e-61
8.64 	-6.60036e-05 	0 		-1.98784e-24 	-4.17812e-61
8.66 	-6.46966e-05 	0 		-1.55481e-24 	-1.99133e-61
8.68 	-6.34155e-05 	0 		-1.21542e-24 	-9.47189e-62
8.7 	-6.21598e-05 	0 		-9.49579e-25 	-4.49636e-62
8.72 	-6.0929e-05 	0 		-7.41459e-25 	-2.13019e-62
8.74 	-5.97225e-05 	0 		-5.78624e-25 	-1.00717e-62
8.76 	-5.85399e-05 	0 		-4.51294e-25 	-4.75252e-63
8.78 	-5.73808e-05 	0 		-3.51784e-25 	-2.23807e-63
8.8 	-5.62445e-05 	0 		-2.7406e-25 	-1.05185e-63
8.82 	-5.51308e-05 	0 		-2.13387e-25 	-4.93364e-64
8.84 	-5.40392e-05 	0 		-1.66052e-25 	-2.30947e-64
8.86 	-5.29691e-05 	0 		-1.29144e-25 	-1.07892e-64
8.88 	-5.19203e-05 	0 		-1.00382e-25 	-5.0303e-65
8.9 	-5.08922e-05 	0 		-7.79814e-26 	-2.34063e-65
8.92 	-4.98844e-05 	0 		-6.05453e-26 	-1.08693e-65
8.94 	-4.88967e-05 	0 		-4.69811e-26 	-5.03736e-66
8.96 	-4.79284e-05 	0 		-3.6435e-26 	-2.32989e-66
8.98 	-4.69794e-05 	0 		-2.82402e-26 	-1.07547e-66
9 	-4.60491e-05 	0 		-2.18761e-26 	-4.95442e-67
9.02 	-4.51373e-05 	0 		-1.69366e-26 	-2.27782e-67
9.04 	-4.42435e-05 	0 		-1.31049e-26 	-1.04515e-67
9.06 	-4.33674e-05 	0 		-1.01344e-26 	-4.78592e-68
9.08 	-4.25087e-05 	0 		-7.8327e-27 	-2.18719e-68
9.1 	-4.1667e-05 	0 		-6.05035e-27 	-9.97557e-69
9.12 	-4.08419e-05 	0 		-4.67092e-27 	-4.54068e-69
9.14 	-4.00332e-05 	0 		-3.60394e-27 	-2.06269e-69
9.16 	-3.92405e-05 	0 		-2.77911e-27 	-9.35148e-70
9.18 	-3.84635e-05 	0 		-2.14184e-27 	-4.23114e-70
9.2 	-3.77018e-05 	0 		-1.64977e-27 	-1.91058e-70
9.22 	-3.69553e-05 	0 		-1.27002e-27 	-8.61004e-71
9.24 	-3.62235e-05 	0 		-9.77132e-28 	-3.87236e-71
9.26 	-3.55063e-05 	0 		-7.5136e-28 	-1.73811e-71
9.28 	-3.48032e-05 	0 		-5.77426e-28 	-7.78596e-72
9.3 	-3.4114e-05 	0 		-4.43504e-28 	-3.48078e-72
9.32 	-3.34385e-05 	0 		-3.4045e-28 	-1.55301e-72
9.34 	-3.27764e-05 	0 		-2.61193e-28 	-6.91514e-73
9.36 	-3.21274e-05 	0 		-2.00273e-28 	-3.07298e-73
9.38 	-3.14912e-05 	0 		-1.53475e-28 	-1.36286e-73
9.4 	-3.08677e-05 	0 		-1.17545e-28 	-6.03215e-74
9.42 	-3.02564e-05 	0 		-8.99759e-29 	-2.66456e-74
9.44 	-2.96573e-05 	0 		-6.88336e-29 	-1.17465e-74
9.46 	-2.90701e-05 	0 		-5.26294e-29 	-5.16803e-75
9.48 	-2.84944e-05 	0 		-4.0217e-29 	-2.2692e-75
9.5 	-2.79302e-05 	0 		-3.07146e-29 	-9.94376e-76
9.52 	-2.73772e-05 	0 		-2.3444e-29 	-4.34871e-76
9.54 	-2.68351e-05 	0 		-1.78843e-29 	-1.89802e-76
9.56 	-2.63037e-05 	0 		-1.36354e-29 	-8.26749e-77
9.58 	-2.57828e-05 	0 		-1.039e-29 	-3.59399e-77
9.6 	-2.52723e-05 	0 		-7.91253e-30 	-1.55924e-77
9.62 	-2.47719e-05 	0 		-6.0224e-30 	-6.75117e-78
9.64 	-2.42814e-05 	0 		-4.58118e-30 	-2.91727e-78
9.66 	-2.38006e-05 	0 		-3.48287e-30 	-1.25807e-78
9.68 	-2.33293e-05 	0 		-2.64638e-30 	-5.4146e-79
9.7 	-2.28673e-05 	0 		-2.00964e-30 	-2.32572e-79
9.72 	-2.24145e-05 	0 		-1.52525e-30 	-9.96968e-80
9.74 	-2.19707e-05 	0 		-1.15695e-30 	-4.26516e-80
9.76 	-2.15356e-05 	0 		-8.77083e-31 	-1.82105e-80
9.78 	-2.11092e-05 	0 		-6.6454e-31 	-7.75959e-81
9.8 	-2.06912e-05 	0 		-5.03216e-31 	-3.2998e-81
9.82 	-2.02815e-05 	0 		-3.80839e-31 	-1.40045e-81
9.84 	-1.98799e-05 	0 		-2.88059e-31 	-5.93169e-82
9.86 	-1.94862e-05 	0 		-2.17759e-31 	-2.50738e-82
9.88 	-1.91004e-05 	0 		-1.64521e-31 	-1.05778e-82
9.9 	-1.87222e-05 	0 		-1.24229e-31 	-4.45348e-83
9.92 	-1.83515e-05 	0 		-9.3751e-32 	-1.87127e-83
9.94 	-1.79881e-05 	0 		-7.07103e-32 	-7.84701e-84
9.96 	-1.76319e-05 	0 		-5.33019e-32 	-3.284e-84
9.98 	-1.72828e-05 	0 		-4.01565e-32 	-1.37162e-84
10 	-1.69405e-05 	0 		-3.02359e-32 	-5.71737e-85
