# p= (p1- p2)/2 
# f(p) = \sqrt(2/pi) \int dr r^2 j_0 (k*r) f(r)
# p 	 cluster 	 pieper 	 GFMC 		 GD
0 	-0.448183 	-0.0252846 	-0.0455631 	-0.117203
0.02 	-0.447714 	-0.0252747 	-0.0455486 	-0.117174
0.04 	-0.446311 	-0.0252449 	-0.0455051 	-0.117086
0.06 	-0.443985 	-0.0251953 	-0.0454326 	-0.116939
0.08 	-0.440751 	-0.0251259 	-0.0453311 	-0.116733
0.1 	-0.436634 	-0.0250368 	-0.0452009 	-0.116469
0.12 	-0.431662 	-0.024928 	-0.0450419 	-0.116147
0.14 	-0.42587 	-0.0247996 	-0.0448545 	-0.115767
0.16 	-0.419298 	-0.0246517 	-0.0446387 	-0.115329
0.18 	-0.411991 	-0.0244844 	-0.0443947 	-0.114833
0.2 	-0.403995 	-0.0242979 	-0.0441228 	-0.114281
0.22 	-0.395362 	-0.0240923 	-0.0438233 	-0.113672
0.24 	-0.386146 	-0.0238677 	-0.0434965 	-0.113007
0.26 	-0.376403 	-0.0236244 	-0.0431426 	-0.112287
0.28 	-0.366188 	-0.0233624 	-0.042762 	-0.111512
0.3 	-0.355559 	-0.0230821 	-0.042355 	-0.110682
0.32 	-0.344574 	-0.0227836 	-0.0419221 	-0.109798
0.34 	-0.333287 	-0.0224671 	-0.0414637 	-0.108862
0.36 	-0.321755 	-0.0221329 	-0.0409801 	-0.107873
0.38 	-0.310031 	-0.0217813 	-0.0404719 	-0.106833
0.4 	-0.298166 	-0.0214124 	-0.0399396 	-0.105742
0.42 	-0.28621 	-0.0210266 	-0.0393836 	-0.104601
0.44 	-0.274208 	-0.0206242 	-0.0388044 	-0.103411
0.46 	-0.262205 	-0.0202055 	-0.0382027 	-0.102174
0.48 	-0.250241 	-0.0197708 	-0.0375789 	-0.100889
0.5 	-0.238353 	-0.0193204 	-0.0369336 	-0.0995576
0.52 	-0.226576 	-0.0188546 	-0.0362675 	-0.0981815
0.54 	-0.214941 	-0.0183739 	-0.0355811 	-0.0967613
0.56 	-0.203475 	-0.0178785 	-0.0348751 	-0.0952981
0.58 	-0.192204 	-0.0173688 	-0.0341501 	-0.0937931
0.6 	-0.181149 	-0.0168452 	-0.0334068 	-0.0922475
0.62 	-0.17033 	-0.0163082 	-0.0326458 	-0.0906622
0.64 	-0.159762 	-0.015758 	-0.0318679 	-0.0890387
0.66 	-0.14946 	-0.0151951 	-0.0310737 	-0.087378
0.68 	-0.139434 	-0.0146199 	-0.0302639 	-0.0856815
0.7 	-0.129693 	-0.0140329 	-0.0294393 	-0.0839503
0.72 	-0.120245 	-0.0134344 	-0.0286005 	-0.0821858
0.74 	-0.111094 	-0.0128249 	-0.0277483 	-0.0803894
0.76 	-0.102243 	-0.0122049 	-0.0268835 	-0.0785622
0.78 	-0.0936942 	-0.0115748 	-0.0260068 	-0.0767057
0.8 	-0.0854476 	-0.010935 	-0.0251188 	-0.0748212
0.82 	-0.0775021 	-0.010286 	-0.0242205 	-0.07291
0.84 	-0.0698554 	-0.00962833 	-0.0233125 	-0.0709737
0.86 	-0.0625044 	-0.00896239 	-0.0223956 	-0.0690135
0.88 	-0.0554449 	-0.00828867 	-0.0214705 	-0.0670309
0.9 	-0.0486721 	-0.00760765 	-0.0205381 	-0.0650272
0.92 	-0.0421807 	-0.00691982 	-0.019599 	-0.063004
0.94 	-0.0359646 	-0.00622565 	-0.0186541 	-0.0609626
0.96 	-0.0300174 	-0.00552565 	-0.017704 	-0.0589045
0.98 	-0.0243324 	-0.0048203 	-0.0167496 	-0.0568311
1 	-0.0189026 	-0.00411009 	-0.0157915 	-0.0547439
1.02 	-0.0137207 	-0.00339551 	-0.0148306 	-0.0526442
1.04 	-0.0087793 	-0.00267705 	-0.0138675 	-0.0505336
1.06 	-0.00407097 	-0.00195522 	-0.012903 	-0.0484134
1.08 	0.00041183 	-0.0012305 	-0.0119379 	-0.0462851
1.1 	0.00467662 	-0.00050338 	-0.0109727 	-0.0441502
1.12 	0.00873088 	0.000225637 	-0.0100083 	-0.04201
1.14 	0.012582 	0.000956067 	-0.00904532 	-0.0398659
1.16 	0.0162374 	0.00168742 	-0.00808445 	-0.0377195
1.18 	0.0197043 	0.00241921 	-0.00712636 	-0.035572
1.2 	0.0229897 	0.00315095 	-0.00617173 	-0.0334248
1.22 	0.0261005 	0.00388217 	-0.00522119 	-0.0312794
1.24 	0.0290436 	0.00461238 	-0.00427541 	-0.029137
1.26 	0.0318255 	0.00534112 	-0.00333499 	-0.0269991
1.28 	0.0344527 	0.00606791 	-0.00240055 	-0.0248669
1.3 	0.0369314 	0.00679229 	-0.00147269 	-0.0227418
1.32 	0.0392676 	0.0075138 	-0.000551985 	-0.020625
1.34 	0.0414673 	0.00823199 	0.000360987 	-0.0185179
1.36 	0.043536 	0.00894641 	0.00126568 	-0.0164216
1.38 	0.0454792 	0.00965661 	0.00216155 	-0.0143375
1.4 	0.0473022 	0.0103622 	0.00304809 	-0.0122667
1.42 	0.0490102 	0.0110627 	0.00392479 	-0.0102104
1.44 	0.0506079 	0.0117576 	0.00479116 	-0.00816981
1.46 	0.0521001 	0.0124467 	0.00564673 	-0.00614603
1.48 	0.0534914 	0.0131295 	0.00649106 	-0.00414018
1.5 	0.054786 	0.0138055 	0.00732371 	-0.00215335
1.52 	0.0559883 	0.0144745 	0.00814426 	-0.000186605
1.54 	0.0571022 	0.0151359 	0.00895231 	0.00175903
1.56 	0.0581316 	0.0157895 	0.00974749 	0.00368255
1.58 	0.0590801 	0.0164349 	0.0105294 	0.00558298
1.6 	0.0599514 	0.0170717 	0.0112978 	0.00745938
1.62 	0.0607488 	0.0176996 	0.0120523 	0.00931083
1.64 	0.0614757 	0.0183183 	0.0127925 	0.0111364
1.66 	0.0621351 	0.0189274 	0.0135183 	0.0129354
1.68 	0.06273 	0.0195266 	0.0142292 	0.0147068
1.7 	0.0632634 	0.0201156 	0.0149252 	0.0164499
1.72 	0.063738 	0.0206941 	0.0156059 	0.018164
1.74 	0.0641563 	0.0212619 	0.0162711 	0.0198483
1.76 	0.0645211 	0.0218186 	0.0169207 	0.0215021
1.78 	0.0648346 	0.022364 	0.0175544 	0.0231249
1.8 	0.0650992 	0.0228979 	0.0181721 	0.0247158
1.82 	0.0653171 	0.02342 	0.0187736 	0.0262745
1.84 	0.0654904 	0.0239302 	0.0193589 	0.0278002
1.86 	0.0656213 	0.0244281 	0.0199277 	0.0292926
1.88 	0.0657116 	0.0249136 	0.0204801 	0.030751
1.9 	0.0657632 	0.0253865 	0.0210159 	0.0321751
1.92 	0.065778 	0.0258466 	0.0215351 	0.0335645
1.94 	0.0657575 	0.0262937 	0.0220376 	0.0349186
1.96 	0.0657036 	0.0267278 	0.0225234 	0.0362373
1.98 	0.0656177 	0.0271486 	0.0229925 	0.0375201
2 	0.0655014 	0.027556 	0.0234449 	0.0387669
2.02 	0.0653561 	0.0279499 	0.0238805 	0.0399772
2.04 	0.0651833 	0.0283302 	0.0242995 	0.041151
2.06 	0.0649842 	0.0286969 	0.0247019 	0.042288
2.08 	0.0647602 	0.0290497 	0.0250876 	0.0433881
2.1 	0.0645124 	0.0293887 	0.0254569 	0.0444512
2.12 	0.0642421 	0.0297137 	0.0258097 	0.0454771
2.14 	0.0639504 	0.0300248 	0.0261462 	0.0464658
2.16 	0.0636383 	0.0303219 	0.0264665 	0.0474173
2.18 	0.063307 	0.030605 	0.0267707 	0.0483316
2.2 	0.0629574 	0.030874 	0.0270589 	0.0492087
2.22 	0.0625905 	0.031129 	0.0273312 	0.0500488
2.24 	0.0622072 	0.03137 	0.0275878 	0.0508517
2.26 	0.0618084 	0.0315969 	0.0278289 	0.0516178
2.28 	0.0613949 	0.0318098 	0.0280546 	0.0523471
2.3 	0.0609676 	0.0320088 	0.0282651 	0.0530399
2.32 	0.0605273 	0.0321939 	0.0284606 	0.0536962
2.34 	0.0600746 	0.0323651 	0.0286413 	0.0543164
2.36 	0.0596105 	0.0325226 	0.0288074 	0.0549007
2.38 	0.0591354 	0.0326664 	0.028959 	0.0554494
2.4 	0.0586502 	0.0327966 	0.0290965 	0.0559627
2.42 	0.0581555 	0.0329132 	0.02922 	0.0564411
2.44 	0.0576518 	0.0330165 	0.0293297 	0.0568848
2.46 	0.0571399 	0.0331065 	0.0294259 	0.0572943
2.48 	0.0566202 	0.0331834 	0.0295088 	0.0576698
2.5 	0.0560934 	0.0332473 	0.0295786 	0.0580119
2.52 	0.0555599 	0.0332983 	0.0296357 	0.0583209
2.54 	0.0550202 	0.0333365 	0.0296802 	0.0585973
2.56 	0.054475 	0.0333622 	0.0297124 	0.0588416
2.58 	0.0539246 	0.0333756 	0.0297326 	0.0590542
2.6 	0.0533695 	0.0333767 	0.0297409 	0.0592357
2.62 	0.0528101 	0.0333657 	0.0297378 	0.0593866
2.64 	0.0522469 	0.0333429 	0.0297234 	0.0595073
2.66 	0.0516803 	0.0333085 	0.029698 	0.0595985
2.68 	0.0511107 	0.0332626 	0.0296619 	0.0596607
2.7 	0.0505384 	0.0332055 	0.0296153 	0.0596945
2.72 	0.0499638 	0.0331373 	0.0295585 	0.0597004
2.74 	0.0493873 	0.0330583 	0.0294918 	0.059679
2.76 	0.0488092 	0.0329687 	0.0294155 	0.059631
2.78 	0.0482299 	0.0328687 	0.0293297 	0.059557
2.8 	0.0476496 	0.0327586 	0.0292349 	0.0594575
2.82 	0.0470686 	0.0326386 	0.0291312 	0.0593332
2.84 	0.0464873 	0.0325089 	0.0290189 	0.0591848
2.86 	0.0459058 	0.0323698 	0.0288983 	0.0590128
2.88 	0.0453246 	0.0322216 	0.0287696 	0.058818
2.9 	0.0447438 	0.0320644 	0.0286332 	0.0586009
2.92 	0.0441637 	0.0318985 	0.0284892 	0.0583623
2.94 	0.0435845 	0.0317242 	0.028338 	0.0581027
2.96 	0.0430064 	0.0315418 	0.0281798 	0.0578229
2.98 	0.0424298 	0.0313514 	0.0280148 	0.0575235
3 	0.0418547 	0.0311534 	0.0278433 	0.0572051
3.02 	0.0412814 	0.0309481 	0.0276655 	0.0568685
3.04 	0.04071 	0.0307356 	0.0274818 	0.0565143
3.06 	0.0401409 	0.0305163 	0.0272923 	0.0561431
3.08 	0.0395741 	0.0302903 	0.0270973 	0.0557556
3.1 	0.0390097 	0.0300581 	0.026897 	0.0553525
3.12 	0.0384481 	0.0298198 	0.0266917 	0.0549344
3.14 	0.0378893 	0.0295757 	0.0264815 	0.054502
3.16 	0.0373335 	0.029326 	0.0262668 	0.0540558
3.18 	0.0367808 	0.0290711 	0.0260477 	0.0535967
3.2 	0.0362313 	0.0288112 	0.0258245 	0.0531251
3.22 	0.0356853 	0.0285466 	0.0255973 	0.0526418
3.24 	0.0351428 	0.0282774 	0.0253664 	0.0521473
3.26 	0.0346039 	0.028004 	0.0251321 	0.0516422
3.28 	0.0340687 	0.0277266 	0.0248944 	0.0511273
3.3 	0.0335374 	0.0274456 	0.0246537 	0.050603
3.32 	0.03301 	0.027161 	0.02441 	0.05007
3.34 	0.0324867 	0.0268732 	0.0241637 	0.0495289
3.36 	0.0319676 	0.0265825 	0.0239148 	0.0489802
3.38 	0.0314526 	0.026289 	0.0236636 	0.0484246
3.4 	0.030942 	0.025993 	0.0234102 	0.0478625
3.42 	0.0304358 	0.0256947 	0.0231549 	0.0472945
3.44 	0.029934 	0.0253944 	0.0228978 	0.0467212
3.46 	0.0294368 	0.0250923 	0.022639 	0.046143
3.48 	0.0289441 	0.0247886 	0.0223788 	0.0455606
3.5 	0.0284561 	0.0244836 	0.0221173 	0.0449744
3.52 	0.0279728 	0.0241775 	0.0218546 	0.0443849
3.54 	0.0274943 	0.0238704 	0.0215909 	0.0437926
3.56 	0.0270205 	0.0235626 	0.0213264 	0.043198
3.58 	0.0265516 	0.0232543 	0.0210611 	0.0426016
3.6 	0.0260876 	0.0229457 	0.0207953 	0.0420037
3.62 	0.0256286 	0.0226369 	0.0205291 	0.0414048
3.64 	0.0251745 	0.0223282 	0.0202625 	0.0408054
3.66 	0.0247253 	0.0220198 	0.0199958 	0.0402059
3.68 	0.0242812 	0.0217119 	0.019729 	0.0396066
3.7 	0.0238422 	0.0214045 	0.0194623 	0.039008
3.72 	0.0234082 	0.0210979 	0.0191958 	0.0384104
3.74 	0.0229793 	0.0207923 	0.0189296 	0.0378142
3.76 	0.0225555 	0.0204877 	0.0186637 	0.0372198
3.78 	0.0221368 	0.0201845 	0.0183984 	0.0366275
3.8 	0.0217232 	0.0198826 	0.0181338 	0.0360375
3.82 	0.0213147 	0.0195823 	0.0178698 	0.0354504
3.84 	0.0209114 	0.0192837 	0.0176066 	0.0348662
3.86 	0.0205132 	0.0189869 	0.0173444 	0.0342854
3.88 	0.0201202 	0.018692 	0.0170831 	0.0337081
3.9 	0.0197323 	0.0183993 	0.0168229 	0.0331348
3.92 	0.0193495 	0.0181087 	0.0165638 	0.0325655
3.94 	0.0189718 	0.0178204 	0.016306 	0.0320006
3.96 	0.0185992 	0.0175345 	0.0160495 	0.0314403
3.98 	0.0182318 	0.0172511 	0.0157943 	0.0308848
4 	0.0178694 	0.0169704 	0.0155407 	0.0303343
4.02 	0.0175122 	0.0166923 	0.0152885 	0.029789
4.04 	0.01716 	0.016417 	0.0150379 	0.0292491
4.06 	0.0168128 	0.0161446 	0.014789 	0.0287148
4.08 	0.0164706 	0.015875 	0.0145417 	0.0281861
4.1 	0.0161335 	0.0156085 	0.0142962 	0.0276634
4.12 	0.0158013 	0.0153451 	0.0140525 	0.0271466
4.14 	0.0154741 	0.0150848 	0.0138107 	0.026636
4.16 	0.0151519 	0.0148276 	0.0135708 	0.0261316
4.18 	0.0148345 	0.0145737 	0.0133328 	0.0256336
4.2 	0.014522 	0.0143231 	0.0130968 	0.0251421
4.22 	0.0142144 	0.0140757 	0.0128629 	0.0246571
4.24 	0.0139115 	0.0138317 	0.012631 	0.0241787
4.26 	0.0136135 	0.0135911 	0.0124013 	0.023707
4.28 	0.0133202 	0.0133539 	0.0121737 	0.0232421
4.3 	0.0130317 	0.0131202 	0.0119482 	0.022784
4.32 	0.0127478 	0.0128898 	0.011725 	0.0223328
4.34 	0.0124686 	0.012663 	0.011504 	0.0218884
4.36 	0.0121939 	0.0124396 	0.0112853 	0.0214509
4.38 	0.0119239 	0.0122197 	0.0110688 	0.0210204
4.4 	0.0116584 	0.0120032 	0.0108547 	0.0205969
4.42 	0.0113974 	0.0117903 	0.0106429 	0.0201803
4.44 	0.0111408 	0.0115808 	0.0104334 	0.0197706
4.46 	0.0108887 	0.0113748 	0.0102263 	0.0193679
4.48 	0.0106409 	0.0111722 	0.0100216 	0.0189722
4.5 	0.0103975 	0.0109731 	0.00981934 	0.0185833
4.52 	0.0101584 	0.0107774 	0.00961944 	0.0182013
4.54 	0.00992348 	0.0105851 	0.00942197 	0.0178262
4.56 	0.00969279 	0.0103962 	0.00922694 	0.0174579
4.58 	0.00946627 	0.0102107 	0.00903434 	0.0170964
4.6 	0.00924387 	0.0100284 	0.0088442 	0.0167416
4.62 	0.00902554 	0.00984949 	0.00865652 	0.0163935
4.64 	0.00881123 	0.00967381 	0.00847129 	0.0160519
4.66 	0.0086009 	0.00950135 	0.00828853 	0.015717
4.68 	0.00839451 	0.00933208 	0.00810824 	0.0153885
4.7 	0.00819201 	0.00916596 	0.00793042 	0.0150665
4.72 	0.00799336 	0.00900295 	0.00775507 	0.0147508
4.74 	0.00779849 	0.008843 	0.00758219 	0.0144414
4.76 	0.00760738 	0.00868607 	0.00741178 	0.0141381
4.78 	0.00741998 	0.00853211 	0.00724383 	0.013841
4.8 	0.00723622 	0.00838108 	0.00707835 	0.0135499
4.82 	0.00705608 	0.00823293 	0.00691533 	0.0132648
4.84 	0.0068795 	0.0080876 	0.00675476 	0.0129855
4.86 	0.00670643 	0.00794506 	0.00659663 	0.012712
4.88 	0.00653684 	0.00780523 	0.00644095 	0.0124442
4.9 	0.00637066 	0.00766809 	0.0062877 	0.0121819
4.92 	0.00620785 	0.00753356 	0.00613687 	0.0119252
4.94 	0.00604838 	0.0074016 	0.00598846 	0.0116738
4.96 	0.00589218 	0.00727215 	0.00584245 	0.0114277
4.98 	0.00573921 	0.00714517 	0.00569883 	0.0111868
5 	0.00558943 	0.00702059 	0.0055576 	0.010951
5.02 	0.00544278 	0.00689835 	0.00541874 	0.0107202
5.04 	0.00529923 	0.00677842 	0.00528224 	0.0104943
5.06 	0.00515872 	0.00666072 	0.00514808 	0.0102732
5.08 	0.00502122 	0.00654521 	0.00501626 	0.0100568
5.1 	0.00488666 	0.00643183 	0.00488675 	0.00984493
5.12 	0.00475501 	0.00632053 	0.00475955 	0.00963759
5.14 	0.00462623 	0.00621126 	0.00463463 	0.00943465
5.16 	0.00450026 	0.00610395 	0.00451198 	0.009236
5.18 	0.00437706 	0.00599856 	0.00439159 	0.00904155
5.2 	0.00425658 	0.00589504 	0.00427344 	0.00885119
5.22 	0.00413879 	0.00579333 	0.00415751 	0.00866483
5.24 	0.00402363 	0.00569338 	0.00404378 	0.00848238
5.26 	0.00391107 	0.00559515 	0.00393224 	0.00830373
5.28 	0.00380106 	0.00549858 	0.00382287 	0.00812879
5.3 	0.00369355 	0.00540363 	0.00371565 	0.00795747
5.32 	0.0035885 	0.00531024 	0.00361056 	0.00778968
5.34 	0.00348588 	0.00521837 	0.00350758 	0.00762532
5.36 	0.00338563 	0.00512798 	0.00340669 	0.00746431
5.38 	0.00328772 	0.00503902 	0.00330787 	0.00730656
5.4 	0.0031921 	0.00495145 	0.00321111 	0.00715197
5.42 	0.00309873 	0.00486522 	0.00311637 	0.00700046
5.44 	0.00300758 	0.0047803 	0.00302365 	0.00685196
5.46 	0.0029186 	0.00469664 	0.00293291 	0.00670638
5.48 	0.00283175 	0.00461421 	0.00284415 	0.00656363
5.5 	0.00274699 	0.00453296 	0.00275733 	0.00642364
5.52 	0.00266429 	0.00445286 	0.00267244 	0.00628632
5.54 	0.0025836 	0.00437389 	0.00258945 	0.00615162
5.56 	0.00250488 	0.00429599 	0.00250834 	0.00601945
5.58 	0.0024281 	0.00421914 	0.00242909 	0.00588973
5.6 	0.00235323 	0.00414332 	0.00235168 	0.0057624
5.62 	0.00228021 	0.00406848 	0.00227608 	0.0056374
5.64 	0.00220902 	0.0039946 	0.00220228 	0.00551465
5.66 	0.00213963 	0.00392166 	0.00213025 	0.00539409
5.68 	0.00207199 	0.00384962 	0.00205996 	0.00527566
5.7 	0.00200606 	0.00377846 	0.0019914 	0.00515929
5.72 	0.00194182 	0.00370817 	0.00192454 	0.00504493
5.74 	0.00187924 	0.00363871 	0.00185936 	0.00493251
5.76 	0.00181826 	0.00357006 	0.00179583 	0.004822
5.78 	0.00175888 	0.00350221 	0.00173394 	0.00471332
5.8 	0.00170104 	0.00343514 	0.00167365 	0.00460643
5.82 	0.00164472 	0.00336882 	0.00161495 	0.00450128
5.84 	0.00158988 	0.00330325 	0.00155782 	0.00439782
5.86 	0.0015365 	0.00323841 	0.00150222 	0.004296
5.88 	0.00148454 	0.00317428 	0.00144814 	0.00419579
5.9 	0.00143398 	0.00311085 	0.00139555 	0.00409712
5.92 	0.00138477 	0.00304811 	0.00134443 	0.00399998
5.94 	0.0013369 	0.00298605 	0.00129475 	0.0039043
5.96 	0.00129033 	0.00292465 	0.0012465 	0.00381007
5.98 	0.00124504 	0.00286392 	0.00119964 	0.00371723
6 	0.00120099 	0.00280384 	0.00115417 	0.00362576
6.02 	0.00115816 	0.00274441 	0.00111004 	0.00353562
6.04 	0.00111652 	0.00268561 	0.00106724 	0.00344677
6.06 	0.00107604 	0.00262745 	0.00102575 	0.0033592
6.08 	0.0010367 	0.00256991 	0.000985548 	0.00327287
6.1 	0.000998468 	0.002513 	0.000946602 	0.00318775
6.12 	0.000961323 	0.00245672 	0.000908893 	0.00310381
6.14 	0.000925237 	0.00240105 	0.000872399 	0.00302103
6.16 	0.000890186 	0.00234601 	0.000837096 	0.0029394
6.18 	0.000856146 	0.00229158 	0.000802962 	0.00285887
6.2 	0.000823092 	0.00223777 	0.000769975 	0.00277944
6.22 	0.000791001 	0.00218458 	0.000738111 	0.00270108
6.24 	0.00075985 	0.002132 	0.000707349 	0.00262377
6.26 	0.000729617 	0.00208005 	0.000677666 	0.00254751
6.28 	0.000700278 	0.00202871 	0.00064904 	0.00247225
6.3 	0.000671813 	0.001978 	0.000621449 	0.00239801
6.32 	0.000644199 	0.00192791 	0.000594871 	0.00232474
6.34 	0.000617416 	0.00187845 	0.000569285 	0.00225246
6.36 	0.000591443 	0.00182962 	0.000544668 	0.00218113
6.38 	0.000566259 	0.00178143 	0.000520999 	0.00211075
6.4 	0.000541846 	0.00173387 	0.000498258 	0.00204131
6.42 	0.000518183 	0.00168695 	0.000476422 	0.00197279
6.44 	0.000495252 	0.00164067 	0.000455471 	0.00190519
6.46 	0.000473034 	0.00159504 	0.000435384 	0.0018385
6.48 	0.00045151 	0.00155006 	0.00041614 	0.0017727
6.5 	0.000430663 	0.00150574 	0.000397719 	0.0017078
6.52 	0.000410475 	0.00146207 	0.000380101 	0.00164377
6.54 	0.000390929 	0.00141907 	0.000363264 	0.00158062
6.56 	0.000372007 	0.00137673 	0.00034719 	0.00151834
6.58 	0.000353694 	0.00133506 	0.000331859 	0.00145692
6.6 	0.000335973 	0.00129407 	0.00031725 	0.00139636
6.62 	0.000318829 	0.00125375 	0.000303345 	0.00133665
6.64 	0.000302246 	0.0012141 	0.000290125 	0.00127779
6.66 	0.000286209 	0.00117514 	0.00027757 	0.00121977
6.68 	0.000270702 	0.00113687 	0.000265662 	0.00116259
6.7 	0.000255713 	0.00109928 	0.000254381 	0.00110625
6.72 	0.000241225 	0.00106238 	0.000243711 	0.00105074
6.74 	0.000227227 	0.00102617 	0.000233632 	0.000996059
6.76 	0.000213704 	0.000990648 	0.000224127 	0.000942202
6.78 	0.000200642 	0.000955823 	0.000215179 	0.000889169
6.8 	0.00018803 	0.000921692 	0.000206768 	0.000836957
6.82 	0.000175853 	0.000888257 	0.00019888 	0.000785562
6.84 	0.000164101 	0.000855517 	0.000191495 	0.000734984
6.86 	0.000152761 	0.000823471 	0.000184598 	0.000685219
6.88 	0.000141821 	0.00079212 	0.000178173 	0.000636266
6.9 	0.000131269 	0.000761462 	0.000172202 	0.000588122
6.92 	0.000121095 	0.000731497 	0.00016667 	0.000540785
6.94 	0.000111287 	0.000702222 	0.00016156 	0.000494253
6.96 	0.000101835 	0.000673635 	0.000156858 	0.000448526
6.98 	9.27288e-05 	0.000645735 	0.000152548 	0.000403599
7 	8.39573e-05 	0.000618516 	0.000148615 	0.000359472
7.02 	7.55111e-05 	0.000591978 	0.000145045 	0.000316142
7.04 	6.73803e-05 	0.000566114 	0.000141821 	0.000273607
7.06 	5.95558e-05 	0.000540922 	0.000138931 	0.000231865
7.08 	5.20281e-05 	0.000516397 	0.00013636 	0.000190914
7.1 	4.47884e-05 	0.000492533 	0.000134093 	0.000150752
7.12 	3.78278e-05 	0.000469326 	0.000132119 	0.000111376
7.14 	3.11379e-05 	0.000446769 	0.000130423 	7.27829e-05
7.16 	2.47103e-05 	0.000424856 	0.000128992 	3.4971e-05
7.18 	1.85368e-05 	0.00040358 	0.000127813 	-2.06272e-06
7.2 	1.26096e-05 	0.000382934 	0.000126875 	-3.83212e-05
7.22 	6.92105e-06 	0.000362912 	0.000126163 	-7.38075e-05
7.24 	1.46354e-06 	0.000343504 	0.000125667 	-0.000108525
7.26 	-3.77018e-06 	0.000324704 	0.000125375 	-0.000142476
7.28 	-8.7872e-06 	0.000306502 	0.000125275 	-0.000175666
7.3 	-1.35944e-05 	0.000288889 	0.000125355 	-0.000208096
7.32 	-1.81986e-05 	0.000271858 	0.000125605 	-0.000239772
7.34 	-2.26061e-05 	0.000255397 	0.000126015 	-0.000270697
7.36 	-2.68235e-05 	0.000239497 	0.000126572 	-0.000300875
7.38 	-3.08569e-05 	0.000224149 	0.000127268 	-0.000330311
7.4 	-3.47122e-05 	0.000209342 	0.000128092 	-0.000359008
7.42 	-3.83954e-05 	0.000195066 	0.000129034 	-0.000386973
7.44 	-4.19122e-05 	0.000181309 	0.000130085 	-0.000414208
7.46 	-4.52681e-05 	0.000168061 	0.000131235 	-0.00044072
7.48 	-4.84684e-05 	0.00015531 	0.000132476 	-0.000466514
7.5 	-5.15186e-05 	0.000143046 	0.000133799 	-0.000491594
7.52 	-5.44236e-05 	0.000131257 	0.000135195 	-0.000515967
7.54 	-5.71884e-05 	0.00011993 	0.000136656 	-0.000539638
7.56 	-5.98177e-05 	0.000109055 	0.000138174 	-0.000562612
7.58 	-6.23164e-05 	9.86195e-05 	0.000139742 	-0.000584897
7.6 	-6.46888e-05 	8.86109e-05 	0.000141351 	-0.000606497
7.62 	-6.69394e-05 	7.90176e-05 	0.000142994 	-0.000627419
7.64 	-6.90724e-05 	6.98273e-05 	0.000144664 	-0.00064767
7.66 	-7.1092e-05 	6.10278e-05 	0.000146356 	-0.000667257
7.68 	-7.30021e-05 	5.26069e-05 	0.000148061 	-0.000686185
7.7 	-7.48067e-05 	4.45525e-05 	0.000149773 	-0.000704462
7.72 	-7.65095e-05 	3.68521e-05 	0.000151487 	-0.000722095
7.74 	-7.81142e-05 	2.94938e-05 	0.000153197 	-0.000739092
7.76 	-7.96244e-05 	2.24652e-05 	0.000154897 	-0.000755458
7.78 	-8.10435e-05 	1.57543e-05 	0.000156581 	-0.000771203
7.8 	-8.23749e-05 	9.34902e-06 	0.000158244 	-0.000786333
7.82 	-8.36218e-05 	3.2375e-06 	0.000159882 	-0.000800856
7.84 	-8.47875e-05 	-2.59213e-06 	0.000161489 	-0.00081478
7.86 	-8.58749e-05 	-8.15157e-06 	0.000163061 	-0.000828112
7.88 	-8.68871e-05 	-1.34524e-05 	0.000164594 	-0.000840862
7.9 	-8.78268e-05 	-1.8506e-05 	0.000166083 	-0.000853036
7.92 	-8.86969e-05 	-2.33237e-05 	0.000167525 	-0.000864643
7.94 	-8.95e-05 	-2.79166e-05 	0.000168916 	-0.000875691
7.96 	-9.02387e-05 	-3.22954e-05 	0.000170253 	-0.000886189
7.98 	-9.09155e-05 	-3.6471e-05 	0.000171531 	-0.000896145
8 	-9.15329e-05 	-4.04538e-05 	0.000172749 	-0.000905567
8.02 	-9.20931e-05 	-4.4254e-05 	0.000173902 	-0.000914464
8.04 	-9.25985e-05 	-4.78817e-05 	0.000174989 	-0.000922845
8.06 	-9.30513e-05 	-5.13465e-05 	0.000176006 	-0.000930719
8.08 	-9.34536e-05 	-5.46581e-05 	0.000176953 	-0.000938093
8.1 	-9.38076e-05 	-5.78257e-05 	0.000177825 	-0.000944977
8.12 	-9.41151e-05 	-6.08582e-05 	0.000178621 	-0.000951379
8.14 	-9.43781e-05 	-6.37643e-05 	0.00017934 	-0.000957309
8.16 	-9.45986e-05 	-6.65525e-05 	0.00017998 	-0.000962775
8.18 	-9.47783e-05 	-6.92308e-05 	0.000180539 	-0.000967786
8.2 	-9.4919e-05 	-7.18071e-05 	0.000181017 	-0.000972351
8.22 	-9.50224e-05 	-7.42889e-05 	0.000181411 	-0.000976479
8.24 	-9.509e-05 	-7.66834e-05 	0.00018172 	-0.000980179
8.26 	-9.51234e-05 	-7.89975e-05 	0.000181945 	-0.000983459
8.28 	-9.51242e-05 	-8.12378e-05 	0.000182084 	-0.000986329
8.3 	-9.50938e-05 	-8.34105e-05 	0.000182137 	-0.000988797
8.32 	-9.50336e-05 	-8.55216e-05 	0.000182104 	-0.000990872
8.34 	-9.49449e-05 	-8.75768e-05 	0.000181983 	-0.000992564
8.36 	-9.48291e-05 	-8.95814e-05 	0.000181775 	-0.000993881
8.38 	-9.46875e-05 	-9.15403e-05 	0.00018148 	-0.000994831
8.4 	-9.45212e-05 	-9.34583e-05 	0.000181099 	-0.000995424
8.42 	-9.43315e-05 	-9.53398e-05 	0.00018063 	-0.000995668
8.44 	-9.41195e-05 	-9.71887e-05 	0.000180076 	-0.000995573
8.46 	-9.38863e-05 	-9.90088e-05 	0.000179436 	-0.000995146
8.48 	-9.36331e-05 	-0.000100804 	0.00017871 	-0.000994396
8.5 	-9.33607e-05 	-0.000102576 	0.0001779 	-0.000993332
8.52 	-9.30702e-05 	-0.00010433 	0.000177007 	-0.000991963
8.54 	-9.27626e-05 	-0.000106066 	0.00017603 	-0.000990296
8.56 	-9.24386e-05 	-0.000107788 	0.000174973 	-0.00098834
8.58 	-9.20993e-05 	-0.000109498 	0.000173834 	-0.000986105
8.6 	-9.17454e-05 	-0.000111197 	0.000172616 	-0.000983596
8.62 	-9.13778e-05 	-0.000112886 	0.000171321 	-0.000980824
8.64 	-9.09971e-05 	-0.000114567 	0.000169949 	-0.000977796
8.66 	-9.06042e-05 	-0.000116241 	0.000168501 	-0.00097452
8.68 	-9.01998e-05 	-0.000117908 	0.00016698 	-0.000971005
8.7 	-8.97845e-05 	-0.000119569 	0.000165387 	-0.000967257
8.72 	-8.93591e-05 	-0.000121224 	0.000163724 	-0.000963285
8.74 	-8.89242e-05 	-0.000122874 	0.000161992 	-0.000959097
8.76 	-8.84804e-05 	-0.000124517 	0.000160194 	-0.000954699
8.78 	-8.80283e-05 	-0.000126153 	0.000158331 	-0.000950101
8.8 	-8.75685e-05 	-0.000127782 	0.000156405 	-0.000945308
8.82 	-8.71016e-05 	-0.000129404 	0.000154418 	-0.000940329
8.84 	-8.6628e-05 	-0.000131016 	0.000152372 	-0.000935171
8.86 	-8.61482e-05 	-0.000132618 	0.00015027 	-0.000929841
8.88 	-8.56628e-05 	-0.000134209 	0.000148113 	-0.000924346
8.9 	-8.51722e-05 	-0.000135787 	0.000145903 	-0.000918692
8.92 	-8.46768e-05 	-0.000137351 	0.000143644 	-0.000912888
8.94 	-8.4177e-05 	-0.000138899 	0.000141336 	-0.000906939
8.96 	-8.36732e-05 	-0.00014043 	0.000138982 	-0.000900852
8.98 	-8.31658e-05 	-0.00014194 	0.000136585 	-0.000894634
9 	-8.26552e-05 	-0.000143429 	0.000134147 	-0.000888291
9.02 	-8.21417e-05 	-0.000144895 	0.00013167 	-0.00088183
9.04 	-8.16257e-05 	-0.000146335 	0.000129156 	-0.000875257
9.06 	-8.11076e-05 	-0.000147747 	0.000126609 	-0.000868578
9.08 	-8.05875e-05 	-0.000149128 	0.000124029 	-0.000861798
9.1 	-8.00659e-05 	-0.000150478 	0.000121421 	-0.000854925
9.12 	-7.95431e-05 	-0.000151793 	0.000118785 	-0.000847963
9.14 	-7.90192e-05 	-0.000153071 	0.000116124 	-0.000840919
9.16 	-7.84946e-05 	-0.00015431 	0.000113442 	-0.000833798
9.18 	-7.79695e-05 	-0.000155508 	0.000110739 	-0.000826605
9.2 	-7.74441e-05 	-0.000156662 	0.000108019 	-0.000819346
9.22 	-7.69186e-05 	-0.00015777 	0.000105284 	-0.000812026
9.24 	-7.63932e-05 	-0.00015883 	0.000102536 	-0.00080465
9.26 	-7.58682e-05 	-0.000159839 	9.97778e-05 	-0.000797224
9.28 	-7.53437e-05 	-0.000160796 	9.70114e-05 	-0.000789752
9.3 	-7.48199e-05 	-0.000161699 	9.42392e-05 	-0.000782239
9.32 	-7.42969e-05 	-0.000162545 	9.14634e-05 	-0.000774689
9.34 	-7.3775e-05 	-0.000163332 	8.86864e-05 	-0.000767108
9.36 	-7.32543e-05 	-0.000164059 	8.59103e-05 	-0.0007595
9.38 	-7.27349e-05 	-0.000164724 	8.31375e-05 	-0.000751869
9.4 	-7.22171e-05 	-0.000165325 	8.03699e-05 	-0.00074422
9.42 	-7.17009e-05 	-0.00016586 	7.76099e-05 	-0.000736557
9.44 	-7.11865e-05 	-0.000166328 	7.48595e-05 	-0.000728883
9.46 	-7.06739e-05 	-0.000166728 	7.21208e-05 	-0.000721203
9.48 	-7.01634e-05 	-0.000167058 	6.93958e-05 	-0.00071352
9.5 	-6.96549e-05 	-0.000167317 	6.66866e-05 	-0.000705839
9.52 	-6.91487e-05 	-0.000167504 	6.39951e-05 	-0.000698163
9.54 	-6.86447e-05 	-0.000167618 	6.13232e-05 	-0.000690495
9.56 	-6.81431e-05 	-0.000167659 	5.86728e-05 	-0.000682839
9.58 	-6.76439e-05 	-0.000167625 	5.60457e-05 	-0.000675199
9.6 	-6.71471e-05 	-0.000167516 	5.34438e-05 	-0.000667577
9.62 	-6.6653e-05 	-0.000167331 	5.08688e-05 	-0.000659977
9.64 	-6.61615e-05 	-0.000167071 	4.83223e-05 	-0.000652402
9.66 	-6.56727e-05 	-0.000166735 	4.5806e-05 	-0.000644855
9.68 	-6.51867e-05 	-0.000166323 	4.33216e-05 	-0.000637338
9.7 	-6.47036e-05 	-0.000165835 	4.08705e-05 	-0.000629854
9.72 	-6.42233e-05 	-0.000165271 	3.84542e-05 	-0.000622407
9.74 	-6.3746e-05 	-0.000164633 	3.60742e-05 	-0.000614998
9.76 	-6.32717e-05 	-0.000163919 	3.37319e-05 	-0.00060763
9.78 	-6.28003e-05 	-0.000163132 	3.14285e-05 	-0.000600305
9.8 	-6.23321e-05 	-0.000162272 	2.91655e-05 	-0.000593026
9.82 	-6.18669e-05 	-0.000161339 	2.69439e-05 	-0.000585795
9.84 	-6.14049e-05 	-0.000160334 	2.4765e-05 	-0.000578614
9.86 	-6.0946e-05 	-0.00015926 	2.26298e-05 	-0.000571486
9.88 	-6.04902e-05 	-0.000158117 	2.05395e-05 	-0.000564411
9.9 	-6.00376e-05 	-0.000156906 	1.84949e-05 	-0.000557392
9.92 	-5.95881e-05 	-0.000155629 	1.6497e-05 	-0.000550431
9.94 	-5.91419e-05 	-0.000154288 	1.45468e-05 	-0.000543529
9.96 	-5.86988e-05 	-0.000152885 	1.2645e-05 	-0.000536688
9.98 	-5.8259e-05 	-0.000151421 	1.07923e-05 	-0.00052991
10 	-5.78224e-05 	-0.000149898 	8.98959e-06 	-0.000523196
