# p= (p1- p2)/2 
# f(p) = \sqrt(2/pi) \int dr r^2 j_2 (k*r) f(r)
# p 	 cluster 	 pieper 	 GFMC
0 	0 	0 	0
0.02 	-6.96813e-05 	-1.69828e-05 	-5.14419e-05
0.04 	-0.000278271 	-6.78943e-05 	-0.000205557
0.06 	-0.00062441 	-0.000152624 	-0.000461712
0.08 	-0.00110585 	-0.000270986 	-0.000818859
0.1 	-0.00171947 	-0.000422724 	-0.00127554
0.12 	-0.00246132 	-0.000607508 	-0.00182988
0.14 	-0.00332665 	-0.000824935 	-0.00247962
0.16 	-0.00430996 	-0.00107453 	-0.00322213
0.18 	-0.00540506 	-0.00135576 	-0.00405439
0.2 	-0.00660512 	-0.00166801 	-0.00497304
0.22 	-0.00790274 	-0.0020106 	-0.00597439
0.24 	-0.00929002 	-0.0023828 	-0.00705442
0.26 	-0.0107586 	-0.00278379 	-0.00820882
0.28 	-0.0122999 	-0.00321272 	-0.00943302
0.3 	-0.0139048 	-0.00366866 	-0.0107222
0.32 	-0.0155643 	-0.00415063 	-0.0120713
0.34 	-0.017269 	-0.00465761 	-0.0134751
0.36 	-0.0190096 	-0.0051885 	-0.0149281
0.38 	-0.0207769 	-0.00574217 	-0.0164248
0.4 	-0.0225616 	-0.00631746 	-0.0179595
0.42 	-0.0243546 	-0.00691312 	-0.0195265
0.44 	-0.0261472 	-0.00752792 	-0.0211198
0.46 	-0.0279309 	-0.00816055 	-0.0227337
0.48 	-0.0296973 	-0.00880968 	-0.0243623
0.5 	-0.0314387 	-0.00947395 	-0.0259997
0.52 	-0.0331477 	-0.010152 	-0.0276401
0.54 	-0.0348172 	-0.0108424 	-0.0292777
0.56 	-0.0364408 	-0.0115437 	-0.0309071
0.58 	-0.0380126 	-0.0122545 	-0.0325225
0.6 	-0.039527 	-0.0129733 	-0.0341187
0.62 	-0.0409792 	-0.0136987 	-0.0356905
0.64 	-0.0423647 	-0.0144291 	-0.0372329
0.66 	-0.0436796 	-0.0151632 	-0.038741
0.68 	-0.0449208 	-0.0158994 	-0.0402103
0.7 	-0.0460853 	-0.0166364 	-0.0416364
0.72 	-0.047171 	-0.0173725 	-0.0430153
0.74 	-0.048176 	-0.0181064 	-0.0443431
0.76 	-0.049099 	-0.0188367 	-0.0456163
0.78 	-0.0499393 	-0.0195619 	-0.0468316
0.8 	-0.0506963 	-0.0202806 	-0.047986
0.82 	-0.0513703 	-0.0209916 	-0.049077
0.84 	-0.0519615 	-0.0216933 	-0.0501021
0.86 	-0.0524708 	-0.0223847 	-0.0510594
0.88 	-0.0528992 	-0.0230642 	-0.0519469
0.9 	-0.0532482 	-0.0237308 	-0.0527634
0.92 	-0.0535195 	-0.0243833 	-0.0535077
0.94 	-0.053715 	-0.0250204 	-0.0541789
0.96 	-0.0538368 	-0.0256411 	-0.0547766
0.98 	-0.0538874 	-0.0262443 	-0.0553004
1 	-0.0538692 	-0.0268289 	-0.0557503
1.02 	-0.0537849 	-0.0273941 	-0.0561268
1.04 	-0.0536374 	-0.0279388 	-0.0564303
1.06 	-0.0534293 	-0.0284623 	-0.0566617
1.08 	-0.0531639 	-0.0289637 	-0.0568219
1.1 	-0.0528439 	-0.0294422 	-0.0569123
1.12 	-0.0524726 	-0.0298973 	-0.0569344
1.14 	-0.0520529 	-0.0303281 	-0.0568898
1.16 	-0.0515879 	-0.0307342 	-0.0567804
1.18 	-0.0510807 	-0.031115 	-0.0566082
1.2 	-0.0505343 	-0.0314701 	-0.0563755
1.22 	-0.0499516 	-0.031799 	-0.0560844
1.24 	-0.0493356 	-0.0321015 	-0.0557374
1.26 	-0.0486892 	-0.0323772 	-0.0553372
1.28 	-0.0480152 	-0.0326259 	-0.0548863
1.3 	-0.0473164 	-0.0328476 	-0.0543874
1.32 	-0.0465952 	-0.0330419 	-0.0538434
1.34 	-0.0458545 	-0.033209 	-0.0532569
1.36 	-0.0450965 	-0.0333489 	-0.0526309
1.38 	-0.0443237 	-0.0334615 	-0.0519683
1.4 	-0.0435384 	-0.0335472 	-0.0512719
1.42 	-0.0427427 	-0.0336059 	-0.0505446
1.44 	-0.0419388 	-0.033638 	-0.0497892
1.46 	-0.0411286 	-0.0336438 	-0.0490085
1.48 	-0.0403139 	-0.0336235 	-0.0482054
1.5 	-0.0394966 	-0.0335777 	-0.0473826
1.52 	-0.0386784 	-0.0335067 	-0.0465426
1.54 	-0.0378607 	-0.033411 	-0.0456882
1.56 	-0.0370451 	-0.0332911 	-0.0448218
1.58 	-0.0362329 	-0.0331476 	-0.0439459
1.6 	-0.0354255 	-0.0329811 	-0.0430628
1.62 	-0.034624 	-0.0327922 	-0.0421748
1.64 	-0.0338295 	-0.0325817 	-0.0412841
1.66 	-0.033043 	-0.0323501 	-0.0403927
1.68 	-0.0322655 	-0.0320984 	-0.0395025
1.7 	-0.0314977 	-0.0318271 	-0.0386154
1.72 	-0.0307405 	-0.0315372 	-0.0377332
1.74 	-0.0299945 	-0.0312294 	-0.0368574
1.76 	-0.0292604 	-0.0309045 	-0.0359895
1.78 	-0.0285387 	-0.0305634 	-0.035131
1.8 	-0.0278298 	-0.030207 	-0.0342832
1.82 	-0.0271342 	-0.0298362 	-0.0334471
1.84 	-0.0264522 	-0.0294517 	-0.032624
1.86 	-0.0257841 	-0.0290546 	-0.0318146
1.88 	-0.0251302 	-0.0286457 	-0.03102
1.9 	-0.0244906 	-0.028226 	-0.0302407
1.92 	-0.0238654 	-0.0277963 	-0.0294776
1.94 	-0.0232548 	-0.0273574 	-0.028731
1.96 	-0.0226588 	-0.0269105 	-0.0280016
1.98 	-0.0220774 	-0.0264562 	-0.0272896
2 	-0.0215106 	-0.0259955 	-0.0265954
2.02 	-0.0209583 	-0.0255293 	-0.0259191
2.04 	-0.0204204 	-0.0250584 	-0.0252609
2.06 	-0.0198968 	-0.0245837 	-0.0246208
2.08 	-0.0193874 	-0.024106 	-0.0239988
2.1 	-0.0188918 	-0.0236261 	-0.0233949
2.12 	-0.0184101 	-0.0231448 	-0.0228089
2.14 	-0.0179418 	-0.0226629 	-0.0222407
2.16 	-0.0174869 	-0.0221811 	-0.0216899
2.18 	-0.0170449 	-0.0217002 	-0.0211564
2.2 	-0.0166158 	-0.0212208 	-0.0206397
2.22 	-0.0161991 	-0.0207437 	-0.0201395
2.24 	-0.0157947 	-0.0202694 	-0.0196555
2.26 	-0.0154021 	-0.0197986 	-0.0191872
2.28 	-0.0150212 	-0.0193319 	-0.0187341
2.3 	-0.0146515 	-0.0188698 	-0.0182958
2.32 	-0.0142928 	-0.018413 	-0.0178719
2.34 	-0.0139448 	-0.0179618 	-0.0174617
2.36 	-0.013607 	-0.0175167 	-0.0170648
2.38 	-0.0132794 	-0.0170782 	-0.0166807
2.4 	-0.0129614 	-0.0166468 	-0.0163089
2.42 	-0.0126528 	-0.0162227 	-0.0159488
2.44 	-0.0123533 	-0.0158063 	-0.0155999
2.46 	-0.0120626 	-0.0153979 	-0.0152617
2.48 	-0.0117804 	-0.0149978 	-0.0149336
2.5 	-0.0115063 	-0.0146063 	-0.0146152
2.52 	-0.0112402 	-0.0142235 	-0.014306
2.54 	-0.0109816 	-0.0138498 	-0.0140054
2.56 	-0.0107304 	-0.0134851 	-0.0137131
2.58 	-0.0104863 	-0.0131297 	-0.0134285
2.6 	-0.0102489 	-0.0127836 	-0.0131512
2.62 	-0.0100181 	-0.012447 	-0.0128808
2.64 	-0.00979366 	-0.0121199 	-0.0126169
2.66 	-0.00957527 	-0.0118022 	-0.012359
2.68 	-0.00936272 	-0.0114941 	-0.0121069
2.7 	-0.00915581 	-0.0111954 	-0.0118601
2.72 	-0.00895433 	-0.0109061 	-0.0116183
2.74 	-0.00875807 	-0.0106262 	-0.0113812
2.76 	-0.00856686 	-0.0103555 	-0.0111486
2.78 	-0.00838049 	-0.0100939 	-0.01092
2.8 	-0.00819881 	-0.00984141 	-0.0106954
2.82 	-0.00802165 	-0.00959774 	-0.0104744
2.84 	-0.00784885 	-0.00936275 	-0.0102569
2.86 	-0.00768026 	-0.00913627 	-0.0100426
2.88 	-0.00751573 	-0.00891811 	-0.00983145
2.9 	-0.00735515 	-0.00870806 	-0.00962318
2.92 	-0.00719837 	-0.0085059 	-0.00941769
2.94 	-0.00704529 	-0.00831141 	-0.00921487
2.96 	-0.00689578 	-0.00812433 	-0.00901461
2.98 	-0.00674974 	-0.00794444 	-0.00881682
3 	-0.00660706 	-0.00777147 	-0.00862144
3.02 	-0.00646766 	-0.00760518 	-0.0084284
3.04 	-0.00633144 	-0.00744529 	-0.00823766
3.06 	-0.00619832 	-0.00729155 	-0.0080492
3.08 	-0.00606821 	-0.00714368 	-0.00786298
3.1 	-0.00594104 	-0.00700142 	-0.00767901
3.12 	-0.00581674 	-0.00686449 	-0.00749729
3.14 	-0.00569523 	-0.00673264 	-0.00731783
3.16 	-0.00557645 	-0.00660559 	-0.00714064
3.18 	-0.00546034 	-0.00648309 	-0.00696577
3.2 	-0.00534684 	-0.00636487 	-0.00679324
3.22 	-0.00523589 	-0.00625067 	-0.00662309
3.24 	-0.00512744 	-0.00614025 	-0.00645538
3.26 	-0.00502143 	-0.00603336 	-0.00629015
3.28 	-0.00491781 	-0.00592976 	-0.00612746
3.3 	-0.00481653 	-0.00582923 	-0.00596737
3.32 	-0.00471755 	-0.00573152 	-0.00580993
3.34 	-0.00462082 	-0.00563645 	-0.00565521
3.36 	-0.00452629 	-0.00554378 	-0.00550327
3.38 	-0.00443391 	-0.00545333 	-0.00535417
3.4 	-0.00434365 	-0.0053649 	-0.00520797
3.42 	-0.00425547 	-0.00527831 	-0.00506473
3.44 	-0.00416931 	-0.0051934 	-0.00492451
3.46 	-0.00408513 	-0.00511 	-0.00478737
3.48 	-0.0040029 	-0.00502796 	-0.00465335
3.5 	-0.00392258 	-0.00494714 	-0.0045225
3.52 	-0.00384412 	-0.00486741 	-0.00439488
3.54 	-0.00376748 	-0.00478865 	-0.00427052
3.56 	-0.00369262 	-0.00471075 	-0.00414945
3.58 	-0.0036195 	-0.00463361 	-0.00403172
3.6 	-0.00354808 	-0.00455713 	-0.00391734
3.62 	-0.00347833 	-0.00448125 	-0.00380634
3.64 	-0.0034102 	-0.00440587 	-0.00369874
3.66 	-0.00334365 	-0.00433096 	-0.00359454
3.68 	-0.00327865 	-0.00425644 	-0.00349375
3.7 	-0.00321515 	-0.00418228 	-0.00339636
3.72 	-0.00315312 	-0.00410844 	-0.00330237
3.74 	-0.00309251 	-0.00403489 	-0.00321177
3.76 	-0.0030333 	-0.00396162 	-0.00312454
3.78 	-0.00297544 	-0.00388861 	-0.00304064
3.8 	-0.00291889 	-0.00381585 	-0.00296005
3.82 	-0.00286363 	-0.00374335 	-0.00288274
3.84 	-0.00280961 	-0.00367111 	-0.00280865
3.86 	-0.00275679 	-0.00359915 	-0.00273773
3.88 	-0.00270515 	-0.00352749 	-0.00266995
3.9 	-0.00265465 	-0.00345614 	-0.00260523
3.92 	-0.00260525 	-0.00338514 	-0.00254351
3.94 	-0.00255692 	-0.00331451 	-0.00248472
3.96 	-0.00250963 	-0.0032443 	-0.00242879
3.98 	-0.00246335 	-0.00317453 	-0.00237564
4 	-0.00241804 	-0.00310525 	-0.00232519
4.02 	-0.00237368 	-0.0030365 	-0.00227736
4.04 	-0.00233023 	-0.00296833 	-0.00223205
4.06 	-0.00228768 	-0.00290078 	-0.00218917
4.08 	-0.00224598 	-0.0028339 	-0.00214864
4.1 	-0.00220512 	-0.00276773 	-0.00211035
4.12 	-0.00216506 	-0.00270232 	-0.0020742
4.14 	-0.00212579 	-0.00263771 	-0.00204009
4.16 	-0.00208728 	-0.00257396 	-0.00200793
4.18 	-0.0020495 	-0.00251111 	-0.00197761
4.2 	-0.00201244 	-0.0024492 	-0.00194903
4.22 	-0.00197606 	-0.00238828 	-0.00192208
4.24 	-0.00194036 	-0.00232838 	-0.00189666
4.26 	-0.00190531 	-0.00226955 	-0.00187266
4.28 	-0.00187089 	-0.00221181 	-0.00184999
4.3 	-0.00183709 	-0.00215521 	-0.00182854
4.32 	-0.00180388 	-0.00209978 	-0.00180821
4.34 	-0.00177125 	-0.00204554 	-0.00178891
4.36 	-0.00173919 	-0.00199252 	-0.00177053
4.38 	-0.00170768 	-0.00194074 	-0.00175298
4.4 	-0.0016767 	-0.00189021 	-0.00173618
4.42 	-0.00164624 	-0.00184097 	-0.00172002
4.44 	-0.0016163 	-0.00179302 	-0.00170442
4.46 	-0.00158685 	-0.00174636 	-0.0016893
4.48 	-0.00155788 	-0.00170101 	-0.00167458
4.5 	-0.00152939 	-0.00165696 	-0.00166018
4.52 	-0.00150136 	-0.00161423 	-0.00164602
4.54 	-0.00147379 	-0.00157279 	-0.00163205
4.56 	-0.00144665 	-0.00153265 	-0.00161818
4.58 	-0.00141996 	-0.0014938 	-0.00160436
4.6 	-0.00139369 	-0.00145622 	-0.00159053
4.62 	-0.00136783 	-0.00141989 	-0.00157664
4.64 	-0.00134239 	-0.0013848 	-0.00156263
4.66 	-0.00131735 	-0.00135093 	-0.00154846
4.68 	-0.0012927 	-0.00131825 	-0.0015341
4.7 	-0.00126845 	-0.00128673 	-0.0015195
4.72 	-0.00124457 	-0.00125636 	-0.00150462
4.74 	-0.00122107 	-0.00122708 	-0.00148946
4.76 	-0.00119794 	-0.00119888 	-0.00147396
4.78 	-0.00117518 	-0.00117172 	-0.00145813
4.8 	-0.00115277 	-0.00114557 	-0.00144194
4.82 	-0.00113072 	-0.00112037 	-0.00142537
4.84 	-0.00110901 	-0.00109611 	-0.00140843
4.86 	-0.00108765 	-0.00107274 	-0.00139111
4.88 	-0.00106662 	-0.00105021 	-0.0013734
4.9 	-0.00104593 	-0.00102849 	-0.00135531
4.92 	-0.00102556 	-0.00100754 	-0.00133685
4.94 	-0.00100552 	-0.000987314 	-0.00131802
4.96 	-0.0009858 	-0.000967773 	-0.00129884
4.98 	-0.000966393 	-0.000948878 	-0.00127932
5 	-0.000947295 	-0.000930585 	-0.00125949
5.02 	-0.000928504 	-0.000912856 	-0.00123935
5.04 	-0.000910015 	-0.000895652 	-0.00121894
5.06 	-0.000891823 	-0.000878933 	-0.00119828
5.08 	-0.000873925 	-0.000862661 	-0.00117739
5.1 	-0.000856317 	-0.000846801 	-0.00115631
5.12 	-0.000838995 	-0.000831317 	-0.00113507
5.14 	-0.000821955 	-0.000816174 	-0.00111369
5.16 	-0.000805193 	-0.000801341 	-0.00109221
5.18 	-0.000788706 	-0.000786786 	-0.00107067
5.2 	-0.000772489 	-0.000772479 	-0.00104909
5.22 	-0.000756538 	-0.000758392 	-0.00102752
5.24 	-0.000740851 	-0.0007445 	-0.00100598
5.26 	-0.000725424 	-0.000730779 	-0.000984517
5.28 	-0.000710253 	-0.000717204 	-0.000963163
5.3 	-0.000695334 	-0.000703757 	-0.000941953
5.32 	-0.000680664 	-0.000690417 	-0.000920922
5.34 	-0.00066624 	-0.000677169 	-0.000900103
5.36 	-0.000652058 	-0.000663996 	-0.000879531
5.38 	-0.000638116 	-0.000650887 	-0.000859237
5.4 	-0.000624408 	-0.000637829 	-0.000839253
5.42 	-0.000610934 	-0.000624813 	-0.00081961
5.44 	-0.000597688 	-0.000611831 	-0.000800336
5.46 	-0.000584669 	-0.000598878 	-0.00078146
5.48 	-0.000571872 	-0.000585949 	-0.000763006
5.5 	-0.000559296 	-0.000573042 	-0.000745
5.52 	-0.000546937 	-0.000560155 	-0.000727464
5.54 	-0.000534791 	-0.00054729 	-0.000710419
5.56 	-0.000522857 	-0.000534447 	-0.000693885
5.58 	-0.000511131 	-0.00052163 	-0.000677877
5.6 	-0.000499611 	-0.000508844 	-0.000662411
5.62 	-0.000488294 	-0.000496095 	-0.000647501
5.64 	-0.000477176 	-0.000483388 	-0.000633156
5.66 	-0.000466257 	-0.000470731 	-0.000619387
5.68 	-0.000455532 	-0.000458134 	-0.000606199
5.7 	-0.000444999 	-0.000445605 	-0.000593598
5.72 	-0.000434656 	-0.000433155 	-0.000581587
5.74 	-0.000424501 	-0.000420793 	-0.000570165
5.76 	-0.00041453 	-0.000408531 	-0.000559331
5.78 	-0.000404742 	-0.00039638 	-0.000549082
5.8 	-0.000395134 	-0.000384352 	-0.000539413
5.82 	-0.000385704 	-0.000372459 	-0.000530316
5.84 	-0.00037645 	-0.000360712 	-0.000521783
5.86 	-0.000367369 	-0.000349123 	-0.000513801
5.88 	-0.000358459 	-0.000337703 	-0.00050636
5.9 	-0.000349718 	-0.000326466 	-0.000499444
5.92 	-0.000341143 	-0.00031542 	-0.000493038
5.94 	-0.000332734 	-0.000304578 	-0.000487125
5.96 	-0.000324486 	-0.00029395 	-0.000481687
5.98 	-0.0003164 	-0.000283545 	-0.000476703
6 	-0.000308472 	-0.000273374 	-0.000472154
6.02 	-0.0003007 	-0.000263444 	-0.000468017
6.04 	-0.000293083 	-0.000253764 	-0.00046427
6.06 	-0.000285618 	-0.000244341 	-0.000460888
6.08 	-0.000278303 	-0.000235182 	-0.000457849
6.1 	-0.000271137 	-0.000226292 	-0.000455128
6.12 	-0.000264118 	-0.000217676 	-0.000452699
6.14 	-0.000257243 	-0.000209339 	-0.000450536
6.16 	-0.000250511 	-0.000201283 	-0.000448614
6.18 	-0.00024392 	-0.000193511 	-0.000446908
6.2 	-0.000237468 	-0.000186024 	-0.000445391
6.22 	-0.000231153 	-0.000178823 	-0.000444038
6.24 	-0.000224973 	-0.000171908 	-0.000442823
6.26 	-0.000218926 	-0.000165276 	-0.000441722
6.28 	-0.000213011 	-0.000158927 	-0.000440709
6.3 	-0.000207226 	-0.000152856 	-0.00043976
6.32 	-0.000201569 	-0.000147062 	-0.000438852
6.34 	-0.000196038 	-0.000141537 	-0.000437962
6.36 	-0.000190631 	-0.000136279 	-0.000437068
6.38 	-0.000185347 	-0.000131279 	-0.000436148
6.4 	-0.000180183 	-0.000126533 	-0.000435183
6.42 	-0.000175139 	-0.000122031 	-0.000434152
6.44 	-0.000170211 	-0.000117768 	-0.000433039
6.46 	-0.000165399 	-0.000113733 	-0.000431826
6.48 	-0.000160701 	-0.000109918 	-0.000430496
6.5 	-0.000156115 	-0.000106313 	-0.000429036
6.52 	-0.000151638 	-0.000102909 	-0.000427432
6.54 	-0.000147271 	-9.96962e-05 	-0.000425671
6.56 	-0.00014301 	-9.66631e-05 	-0.000423744
6.58 	-0.000138854 	-9.37995e-05 	-0.00042164
6.6 	-0.000134802 	-9.10946e-05 	-0.000419351
6.62 	-0.000130851 	-8.85375e-05 	-0.00041687
6.64 	-0.000127001 	-8.61172e-05 	-0.000414193
6.66 	-0.000123248 	-8.38228e-05 	-0.000411315
6.68 	-0.000119593 	-8.16433e-05 	-0.000408233
6.7 	-0.000116032 	-7.9568e-05 	-0.000404945
6.72 	-0.000112565 	-7.75862e-05 	-0.000401453
6.74 	-0.000109189 	-7.56874e-05 	-0.000397755
6.76 	-0.000105904 	-7.38616e-05 	-0.000393856
6.78 	-0.000102707 	-7.20988e-05 	-0.000389758
6.8 	-9.95975e-05 	-7.03895e-05 	-0.000385466
6.82 	-9.6573e-05 	-6.87245e-05 	-0.000380985
6.84 	-9.36323e-05 	-6.70951e-05 	-0.000376323
6.86 	-9.07739e-05 	-6.54929e-05 	-0.000371487
6.88 	-8.79961e-05 	-6.39102e-05 	-0.000366486
6.9 	-8.52975e-05 	-6.23396e-05 	-0.00036133
6.92 	-8.26765e-05 	-6.07742e-05 	-0.000356028
6.94 	-8.01316e-05 	-5.9208e-05 	-0.000350592
6.96 	-7.76613e-05 	-5.76351e-05 	-0.000345033
6.98 	-7.52642e-05 	-5.60504e-05 	-0.000339365
7 	-7.29387e-05 	-5.44493e-05 	-0.000333599
7.02 	-7.06835e-05 	-5.2828e-05 	-0.000327749
7.04 	-6.8497e-05 	-5.11831e-05 	-0.000321829
7.06 	-6.63779e-05 	-4.95117e-05 	-0.000315853
7.08 	-6.43247e-05 	-4.78116e-05 	-0.000309834
7.1 	-6.2336e-05 	-4.60814e-05 	-0.000303788
7.12 	-6.04104e-05 	-4.43198e-05 	-0.000297729
7.14 	-5.85466e-05 	-4.25264e-05 	-0.00029167
7.16 	-5.67433e-05 	-4.07012e-05 	-0.000285628
7.18 	-5.4999e-05 	-3.88448e-05 	-0.000279615
7.2 	-5.33125e-05 	-3.69582e-05 	-0.000273646
7.22 	-5.16824e-05 	-3.50429e-05 	-0.000267734
7.24 	-5.01074e-05 	-3.31009e-05 	-0.000261894
7.26 	-4.85863e-05 	-3.11346e-05 	-0.000256138
7.28 	-4.71178e-05 	-2.91468e-05 	-0.000250478
7.3 	-4.57007e-05 	-2.71405e-05 	-0.000244927
7.32 	-4.43336e-05 	-2.51193e-05 	-0.000239497
7.34 	-4.30155e-05 	-2.30868e-05 	-0.000234198
7.36 	-4.1745e-05 	-2.10471e-05 	-0.000229041
7.38 	-4.0521e-05 	-1.90044e-05 	-0.000224035
7.4 	-3.93424e-05 	-1.69632e-05 	-0.00021919
7.42 	-3.82079e-05 	-1.49279e-05 	-0.000214513
7.44 	-3.71164e-05 	-1.29032e-05 	-0.000210012
7.46 	-3.60668e-05 	-1.0894e-05 	-0.000205693
7.48 	-3.5058e-05 	-8.90503e-06 	-0.000201563
7.5 	-3.40889e-05 	-6.94108e-06 	-0.000197625
7.52 	-3.31585e-05 	-5.00697e-06 	-0.000193885
7.54 	-3.22655e-05 	-3.10742e-06 	-0.000190346
7.56 	-3.14091e-05 	-1.2471e-06 	-0.000187009
7.58 	-3.05882e-05 	5.69466e-07 	-0.000183876
7.6 	-2.98017e-05 	2.3379e-06 	-0.000180949
7.62 	-2.90487e-05 	4.054e-06 	-0.000178227
7.64 	-2.83282e-05 	5.71375e-06 	-0.000175708
7.66 	-2.76392e-05 	7.31337e-06 	-0.000173391
7.68 	-2.69807e-05 	8.84934e-06 	-0.000171274
7.7 	-2.63519e-05 	1.03184e-05 	-0.000169353
7.72 	-2.57518e-05 	1.17175e-05 	-0.000167623
7.74 	-2.51795e-05 	1.30441e-05 	-0.000166081
7.76 	-2.46341e-05 	1.42958e-05 	-0.00016472
7.78 	-2.41147e-05 	1.54705e-05 	-0.000163535
7.8 	-2.36206e-05 	1.65666e-05 	-0.000162518
7.82 	-2.31508e-05 	1.75827e-05 	-0.000161662
7.84 	-2.27046e-05 	1.85178e-05 	-0.000160959
7.86 	-2.22811e-05 	1.93713e-05 	-0.000160401
7.88 	-2.18795e-05 	2.01429e-05 	-0.00015998
7.9 	-2.14991e-05 	2.08327e-05 	-0.000159685
7.92 	-2.1139e-05 	2.14411e-05 	-0.000159508
7.94 	-2.07987e-05 	2.19688e-05 	-0.000159438
7.96 	-2.04772e-05 	2.2417e-05 	-0.000159466
7.98 	-2.0174e-05 	2.2787e-05 	-0.000159581
8 	-1.98883e-05 	2.30807e-05 	-0.000159772
8.02 	-1.96194e-05 	2.33001e-05 	-0.00016003
8.04 	-1.93666e-05 	2.34474e-05 	-0.000160344
8.06 	-1.91294e-05 	2.35253e-05 	-0.000160703
8.08 	-1.8907e-05 	2.35367e-05 	-0.000161096
8.1 	-1.86989e-05 	2.34847e-05 	-0.000161514
8.12 	-1.85044e-05 	2.33725e-05 	-0.000161946
8.14 	-1.8323e-05 	2.32037e-05 	-0.000162382
8.16 	-1.8154e-05 	2.2982e-05 	-0.000162811
8.18 	-1.79969e-05 	2.27112e-05 	-0.000163226
8.2 	-1.78512e-05 	2.23952e-05 	-0.000163615
8.22 	-1.77162e-05 	2.20382e-05 	-0.000163971
8.24 	-1.75916e-05 	2.16444e-05 	-0.000164285
8.26 	-1.74767e-05 	2.12178e-05 	-0.000164548
8.28 	-1.73711e-05 	2.07628e-05 	-0.000164754
8.3 	-1.72743e-05 	2.02837e-05 	-0.000164895
8.32 	-1.71858e-05 	1.97847e-05 	-0.000164964
8.34 	-1.71052e-05 	1.927e-05 	-0.000164955
8.36 	-1.7032e-05 	1.87439e-05 	-0.000164862
8.38 	-1.69658e-05 	1.82103e-05 	-0.000164682
8.4 	-1.69062e-05 	1.76734e-05 	-0.000164408
8.42 	-1.68528e-05 	1.71371e-05 	-0.000164038
8.44 	-1.68052e-05 	1.6605e-05 	-0.000163567
8.46 	-1.67629e-05 	1.60808e-05 	-0.000162994
8.48 	-1.67257e-05 	1.5568e-05 	-0.000162316
8.5 	-1.66932e-05 	1.50697e-05 	-0.000161532
8.52 	-1.6665e-05 	1.45891e-05 	-0.000160641
8.54 	-1.66408e-05 	1.4129e-05 	-0.000159642
8.56 	-1.66203e-05 	1.3692e-05 	-0.000158537
8.58 	-1.66031e-05 	1.32806e-05 	-0.000157326
8.6 	-1.6589e-05 	1.28969e-05 	-0.000156009
8.62 	-1.65778e-05 	1.25427e-05 	-0.000154591
8.64 	-1.6569e-05 	1.22199e-05 	-0.000153072
8.66 	-1.65624e-05 	1.19298e-05 	-0.000151456
8.68 	-1.65578e-05 	1.16735e-05 	-0.000149747
8.7 	-1.65549e-05 	1.14519e-05 	-0.000147948
8.72 	-1.65536e-05 	1.12657e-05 	-0.000146064
8.74 	-1.65535e-05 	1.11154e-05 	-0.0001441
8.76 	-1.65544e-05 	1.10009e-05 	-0.000142061
8.78 	-1.65562e-05 	1.09222e-05 	-0.000139953
8.8 	-1.65586e-05 	1.08789e-05 	-0.00013778
8.82 	-1.65614e-05 	1.08706e-05 	-0.00013555
8.84 	-1.65645e-05 	1.08962e-05 	-0.00013327
8.86 	-1.65677e-05 	1.0955e-05 	-0.000130944
8.88 	-1.65709e-05 	1.10455e-05 	-0.000128581
8.9 	-1.65737e-05 	1.11664e-05 	-0.000126187
8.92 	-1.65762e-05 	1.13161e-05 	-0.000123769
8.94 	-1.65782e-05 	1.14928e-05 	-0.000121335
8.96 	-1.65795e-05 	1.16947e-05 	-0.00011889
8.98 	-1.658e-05 	1.19196e-05 	-0.000116444
9 	-1.65796e-05 	1.21655e-05 	-0.000114001
9.02 	-1.65781e-05 	1.24299e-05 	-0.000111571
9.04 	-1.65756e-05 	1.27107e-05 	-0.000109159
9.06 	-1.65718e-05 	1.30052e-05 	-0.000106772
9.08 	-1.65667e-05 	1.33111e-05 	-0.000104417
9.1 	-1.65601e-05 	1.36257e-05 	-0.0001021
9.12 	-1.65521e-05 	1.39466e-05 	-9.98281e-05
9.14 	-1.65425e-05 	1.42711e-05 	-9.76063e-05
9.16 	-1.65313e-05 	1.45967e-05 	-9.54407e-05
9.18 	-1.65184e-05 	1.49208e-05 	-9.33366e-05
9.2 	-1.65038e-05 	1.5241e-05 	-9.12989e-05
9.22 	-1.64873e-05 	1.55548e-05 	-8.93325e-05
9.24 	-1.6469e-05 	1.58598e-05 	-8.74417e-05
9.26 	-1.64488e-05 	1.61537e-05 	-8.56304e-05
9.28 	-1.64267e-05 	1.64343e-05 	-8.39022e-05
9.3 	-1.64026e-05 	1.66995e-05 	-8.22602e-05
9.32 	-1.63765e-05 	1.69473e-05 	-8.07074e-05
9.34 	-1.63483e-05 	1.71758e-05 	-7.92459e-05
9.36 	-1.63182e-05 	1.73833e-05 	-7.78777e-05
9.38 	-1.6286e-05 	1.75682e-05 	-7.66043e-05
9.4 	-1.62517e-05 	1.77292e-05 	-7.54268e-05
9.42 	-1.62154e-05 	1.78648e-05 	-7.43457e-05
9.44 	-1.61769e-05 	1.7974e-05 	-7.33612e-05
9.46 	-1.61364e-05 	1.80558e-05 	-7.24731e-05
9.48 	-1.60939e-05 	1.81095e-05 	-7.16807e-05
9.5 	-1.60492e-05 	1.81345e-05 	-7.09831e-05
9.52 	-1.60025e-05 	1.81302e-05 	-7.03785e-05
9.54 	-1.59537e-05 	1.80965e-05 	-6.98654e-05
9.56 	-1.59029e-05 	1.80333e-05 	-6.94413e-05
9.58 	-1.58501e-05 	1.79406e-05 	-6.91036e-05
9.6 	-1.57953e-05 	1.78187e-05 	-6.88495e-05
9.62 	-1.57385e-05 	1.76679e-05 	-6.86757e-05
9.64 	-1.56797e-05 	1.7489e-05 	-6.85786e-05
9.66 	-1.5619e-05 	1.72825e-05 	-6.85543e-05
9.68 	-1.55564e-05 	1.70493e-05 	-6.85986e-05
9.7 	-1.54919e-05 	1.67905e-05 	-6.87073e-05
9.72 	-1.54256e-05 	1.65072e-05 	-6.88757e-05
9.74 	-1.53574e-05 	1.62006e-05 	-6.9099e-05
9.76 	-1.52875e-05 	1.58721e-05 	-6.93723e-05
9.78 	-1.52158e-05 	1.55232e-05 	-6.96905e-05
9.8 	-1.51425e-05 	1.51554e-05 	-7.00484e-05
9.82 	-1.50674e-05 	1.47704e-05 	-7.04406e-05
9.84 	-1.49908e-05 	1.43699e-05 	-7.08618e-05
9.86 	-1.49125e-05 	1.39558e-05 	-7.13065e-05
9.88 	-1.48327e-05 	1.35297e-05 	-7.17694e-05
9.9 	-1.47514e-05 	1.30937e-05 	-7.2245e-05
9.92 	-1.46687e-05 	1.26496e-05 	-7.27279e-05
9.94 	-1.45845e-05 	1.21992e-05 	-7.32128e-05
9.96 	-1.4499e-05 	1.17446e-05 	-7.36945e-05
9.98 	-1.44122e-05 	1.12877e-05 	-7.41679e-05
10 	-1.4324e-05 	1.08302e-05 	-7.46279e-05
