\BOOKMARK [0][-]{chapter.1}{Inleiding}{}% 1
\BOOKMARK [0][-]{chapter.2}{Het onafhankelijke-deeltjes model}{}% 2
\BOOKMARK [1][-]{section.2.1}{Verantwoording}{chapter.2}% 3
\BOOKMARK [1][-]{section.2.2}{Golffunctie in een sferische harmonische oscillator potentiaal}{chapter.2}% 4
\BOOKMARK [0][-]{chapter.3}{E\351ndeeltjes impulsdistributie}{}% 5
\BOOKMARK [1][-]{section.3.1}{Algemene kenmerken}{chapter.3}% 6
\BOOKMARK [1][-]{section.3.2}{Resultaten}{chapter.3}% 7
\BOOKMARK [0][-]{chapter.4}{Tweedeeltjes impulsdistributie}{}% 8
\BOOKMARK [1][-]{section.4.1}{Algemene kenmerken}{chapter.4}% 9
\BOOKMARK [1][-]{section.4.2}{Het onafhankelijke-deeltjes model}{chapter.4}% 10
\BOOKMARK [1][-]{section.4.3}{Resultaten}{chapter.4}% 11
\BOOKMARK [0][-]{chapter.5}{Wignerdistributie}{}% 12
\BOOKMARK [1][-]{section.5.1}{Algemene kenmerken}{chapter.5}% 13
\BOOKMARK [1][-]{section.5.2}{Resultaten}{chapter.5}% 14
\BOOKMARK [0][-]{chapter.6}{Conclusie en vooruitzichten}{}% 15
\BOOKMARK [1][-]{section.6.1}{Conclusie}{chapter.6}% 16
\BOOKMARK [1][-]{section.6.2}{Vooruitzichten}{chapter.6}% 17
\BOOKMARK [0][-]{chapter.1}{ Tweede kwantisatie}{}% 18
\BOOKMARK [1][-]{section.1.1}{Conventies}{chapter.1}% 19
\BOOKMARK [1][-]{section.1.2}{E\351ndeeltjes impulsoperator}{chapter.1}% 20
\BOOKMARK [0][-]{chapter.2}{Moshinsky-brakets}{}% 21
\BOOKMARK [1][-]{section.2.1}{Recursieve berekening}{chapter.2}% 22
\BOOKMARK [1][-]{section.2.2}{Eigenschappen}{chapter.2}% 23
\BOOKMARK [0][-]{chapter.3}{Antisymmetrische toestand in relatieve en massacentrumco\366rdinaten}{}% 24
\BOOKMARK [0][-]{chapter.4}{Wignerdistributie in sferische co\366rdinaten}{}% 25
\BOOKMARK [0][-]{chapter.5}{Overzicht code }{}% 26
\BOOKMARK [0][-]{chapter.6}{Lijst van afkortingen}{}% 27
